<?xml version="1.0" encoding="UTF-8"?>
<robot generator="Robot 4.1.3 (Python 3.12.2 on win32)" generated="20240515 16:31:27.227" rpa="false" schemaversion="2">
<suite id="s1" name="Global Footer" source="c:\Users\kittiya\Desktop\Nuey_robot_ecom\Misty Mynx\Global Footer.robot">
<test id="s1-t1" name="Global Footer_TC_11: Verify Valid EmailID in Newsletter Subcription_Guest">
<kw name="Open Website" library="keywords">
<kw name="Open Browser" library="SeleniumLibrary">
<arg>${URL}</arg>
<arg>gc</arg>
<doc>Opens a new browser instance to the optional ``url``.</doc>
<msg timestamp="20240515 16:31:27.427" level="INFO">Opening browser 'gc' to base url 'https://mcstaging-2-4.mistymynx.com/'.</msg>
<status status="PASS" starttime="20240515 16:31:27.427" endtime="20240515 16:31:30.274"/>
</kw>
<kw name="Maximize Browser Window" library="SeleniumLibrary">
<doc>Maximizes current browser window.</doc>
<status status="PASS" starttime="20240515 16:31:30.275" endtime="20240515 16:31:30.808"/>
</kw>
<status status="PASS" starttime="20240515 16:31:27.426" endtime="20240515 16:31:30.808"/>
</kw>
<kw name="Accept Cookies" library="keywords">
<kw name="Wait Until Page Contains Element" library="SeleniumLibrary">
<arg>xpath=//div[@role="document"]//p[text()='The MISTY MYNX site uses cookies.']</arg>
<doc>Waits until the element ``locator`` appears on the current page.</doc>
<status status="PASS" starttime="20240515 16:31:30.809" endtime="20240515 16:31:30.822"/>
</kw>
<kw name="Click Element" library="SeleniumLibrary">
<arg>xpath=//button[@class="action allow primary btn btn--primary"]</arg>
<doc>Click the element identified by ``locator``.</doc>
<msg timestamp="20240515 16:31:30.823" level="INFO">Clicking element 'xpath=//button[@class="action allow primary btn btn--primary"]'.</msg>
<status status="PASS" starttime="20240515 16:31:30.823" endtime="20240515 16:31:31.468"/>
</kw>
<kw name="Sleep" library="BuiltIn">
<arg>2s</arg>
<doc>Pauses the test executed for the given time.</doc>
<msg timestamp="20240515 16:31:33.469" level="INFO">Slept 2 seconds</msg>
<status status="PASS" starttime="20240515 16:31:31.468" endtime="20240515 16:31:33.469"/>
</kw>
<status status="PASS" starttime="20240515 16:31:30.808" endtime="20240515 16:31:33.469"/>
</kw>
<kw name="Execute Javascript" library="SeleniumLibrary">
<arg>window.scrollTo(0, document.body.scrollHeight)</arg>
<doc>Executes the given JavaScript code with possible arguments.</doc>
<msg timestamp="20240515 16:31:33.472" level="INFO">Executing JavaScript:
window.scrollTo(0, document.body.scrollHeight)
Without any arguments.</msg>
<status status="PASS" starttime="20240515 16:31:33.471" endtime="20240515 16:31:33.912"/>
</kw>
<kw name="Wait Until Page Contains Element" library="SeleniumLibrary">
<arg>${FOOTER_JOIN_THE_JASPAL_COMMUNITY}</arg>
<doc>Waits until the element ``locator`` appears on the current page.</doc>
<status status="PASS" starttime="20240515 16:31:33.914" endtime="20240515 16:31:34.008"/>
</kw>
<kw name="Click Element" library="SeleniumLibrary">
<arg>${FOOTER_PDPA_CHECKBOX}</arg>
<doc>Click the element identified by ``locator``.</doc>
<msg timestamp="20240515 16:31:34.012" level="INFO">Clicking element 'xpath=//input[@id="newsletter-agreement"]'.</msg>
<status status="PASS" starttime="20240515 16:31:34.010" endtime="20240515 16:31:34.182"/>
</kw>
<kw name="Input Text" library="SeleniumLibrary">
<arg>${FOOTER_JOIN_THE_JASPAL_COMMUNITY_ENTER_EMAIL}</arg>
<arg>${JASPAL_COMMUNITY_ENTER_EMAIL_INVALID}</arg>
<doc>Types the given ``text`` into the text field identified by ``locator``.</doc>
<msg timestamp="20240515 16:31:34.186" level="INFO">Typing text 'invalidemail.com' into text field 'xpath=//div[@class="field newsletter"]//div[@class="control"]//input[@id="newsletter"]'.</msg>
<status status="PASS" starttime="20240515 16:31:34.184" endtime="20240515 16:31:34.437"/>
</kw>
<kw name="Click Element" library="SeleniumLibrary">
<arg>${FOOTER_JOIN_THE_JASPAL_COMMUNITY_ENTER_EMAIL_ARROW}</arg>
<doc>Click the element identified by ``locator``.</doc>
<msg timestamp="20240515 16:31:34.438" level="INFO">Clicking element 'xpath=//button[@class="action subscribe primary"]'.</msg>
<status status="PASS" starttime="20240515 16:31:34.437" endtime="20240515 16:31:34.575"/>
</kw>
<kw name="Wait Until Element Contains" library="SeleniumLibrary">
<arg>${FOOTER_JOIN_THE_JASPAL_COMMUNITY_ENTER_EMAIL_ERROR}</arg>
<arg>${ENTER_EMAIL_INVALID_ERROR}</arg>
<doc>Waits until the element ``locator`` contains ``text``.</doc>
<status status="PASS" starttime="20240515 16:31:34.575" endtime="20240515 16:31:34.600"/>
</kw>
<kw name="Sleep" library="BuiltIn">
<arg>1s</arg>
<doc>Pauses the test executed for the given time.</doc>
<msg timestamp="20240515 16:31:35.602" level="INFO">Slept 1 second</msg>
<status status="PASS" starttime="20240515 16:31:34.601" endtime="20240515 16:31:35.602"/>
</kw>
<kw name="Delete All Cookies" library="SeleniumLibrary">
<doc>Deletes all cookies.</doc>
<status status="PASS" starttime="20240515 16:31:35.603" endtime="20240515 16:31:35.714"/>
</kw>
<kw name="Close Browser" library="SeleniumLibrary">
<doc>Closes the current browser.</doc>
<status status="PASS" starttime="20240515 16:31:35.714" endtime="20240515 16:31:37.996"/>
</kw>
<status status="PASS" starttime="20240515 16:31:27.426" endtime="20240515 16:31:37.997"/>
</test>
<status status="PASS" starttime="20240515 16:31:27.232" endtime="20240515 16:31:38.000"/>
</suite>
<statistics>
<total>
<stat pass="1" fail="0" skip="0">All Tests</stat>
</total>
<tag>
</tag>
<suite>
<stat pass="1" fail="0" skip="0" id="s1" name="Global Footer">Global Footer</stat>
</suite>
</statistics>
<errors>
</errors>
</robot>
