<?xml version="1.0" encoding="UTF-8"?>
<robot generator="Robot 4.1.3 (Python 3.12.2 on win32)" generated="20240520 16:40:59.628" rpa="false" schemaversion="2">
<suite id="s1" name="Header-Mini Cart" source="c:\Users\kittiya\Desktop\Nuey_robot_ecom\Jaspal\Header-Mini Cart.robot">
<test id="s1-t1" name="Header-Mini Cart_TC_10: To verify registered customer able to Update the product quantity from shopping bag page.">
<kw name="Open Website" library="keywords">
<kw name="Open Browser" library="SeleniumLibrary">
<arg>${URL}</arg>
<arg>gc</arg>
<doc>Opens a new browser instance to the optional ``url``.</doc>
<msg timestamp="20240520 16:40:59.924" level="INFO">Opening browser 'gc' to base url 'https://mcstaging-2-4.jaspal.com/'.</msg>
<status status="PASS" starttime="20240520 16:40:59.923" endtime="20240520 16:41:03.901"/>
</kw>
<kw name="Maximize Browser Window" library="SeleniumLibrary">
<doc>Maximizes current browser window.</doc>
<status status="PASS" starttime="20240520 16:41:03.902" endtime="20240520 16:41:04.201"/>
</kw>
<status status="PASS" starttime="20240520 16:40:59.923" endtime="20240520 16:41:04.202"/>
</kw>
<kw name="Accept Cookies" library="keywords">
<kw name="Wait Until Page Contains Element" library="SeleniumLibrary">
<arg>xpath=//div[@role="document"]//p[text()='The JASPAL site uses cookies.']</arg>
<doc>Waits until the element ``locator`` appears on the current page.</doc>
<status status="PASS" starttime="20240520 16:41:04.205" endtime="20240520 16:41:04.711"/>
</kw>
<kw name="Click Element" library="SeleniumLibrary">
<arg>xpath=//button[@class="action allow primary btn btn--primary"]</arg>
<doc>Click the element identified by ``locator``.</doc>
<msg timestamp="20240520 16:41:04.712" level="INFO">Clicking element 'xpath=//button[@class="action allow primary btn btn--primary"]'.</msg>
<status status="PASS" starttime="20240520 16:41:04.712" endtime="20240520 16:41:05.381"/>
</kw>
<kw name="Sleep" library="BuiltIn">
<arg>2s</arg>
<doc>Pauses the test executed for the given time.</doc>
<msg timestamp="20240520 16:41:07.383" level="INFO">Slept 2 seconds</msg>
<status status="PASS" starttime="20240520 16:41:05.381" endtime="20240520 16:41:07.383"/>
</kw>
<status status="PASS" starttime="20240520 16:41:04.204" endtime="20240520 16:41:07.384"/>
</kw>
<kw name="Login" library="keywords">
<arg>${LOGIN_EMAIL_EXISTING_CUSTOMER}</arg>
<arg>${LOGIN_PASSWORD_EXISTING_CUSTOMER}</arg>
<kw name="Click Element" library="SeleniumLibrary">
<arg>${LOGIN_ICON}</arg>
<doc>Click the element identified by ``locator``.</doc>
<msg timestamp="20240520 16:41:07.390" level="INFO">Clicking element 'css=#html-body &gt; div.page-wrapper &gt; header &gt; div.container &gt; div &gt; div.page-header__right &gt; div.header-links-wrapper.cps-login.text-center'.</msg>
<msg timestamp="20240520 16:41:08.210" level="INFO" html="true">&lt;/td&gt;&lt;/tr&gt;&lt;tr&gt;&lt;td colspan="3"&gt;&lt;a href="selenium-screenshot-174.png"&gt;&lt;img src="selenium-screenshot-174.png" width="800px"&gt;&lt;/a&gt;</msg>
<msg timestamp="20240520 16:41:08.221" level="FAIL">StaleElementReferenceException: Message: stale element reference: stale element not found
  (Session info: chrome=124.0.6367.208); For documentation on this error, please visit: https://www.selenium.dev/documentation/webdriver/troubleshooting/errors#stale-element-reference-exception
Stacktrace:
	GetHandleVerifier [0x00007FF71D831522+60802]
	(No symbol) [0x00007FF71D7AAC22]
	(No symbol) [0x00007FF71D667CE4]
	(No symbol) [0x00007FF71D67A051]
	(No symbol) [0x00007FF71D67AA7A]
	(No symbol) [0x00007FF71D66E95B]
	(No symbol) [0x00007FF71D66C781]
	(No symbol) [0x00007FF71D6701DB]
	(No symbol) [0x00007FF71D670280]
	(No symbol) [0x00007FF71D6B8D14]
	(No symbol) [0x00007FF71D6AAD46]
	(No symbol) [0x00007FF71D6DAB7A]
	(No symbol) [0x00007FF71D6AA7C6]
	(No symbol) [0x00007FF71D6DAD90]
	(No symbol) [0x00007FF71D6FA224]
	(No symbol) [0x00007FF71D6DA923]
	(No symbol) [0x00007FF71D6A8FEC]
	(No symbol) [0x00007FF71D6A9C21]
	GetHandleVerifier [0x00007FF71DB341BD+3217949]
	GetHandleVerifier [0x00007FF71DB76157+3488183]
	GetHandleVerifier [0x00007FF71DB6F0DF+3459391]
	GetHandleVerifier [0x00007FF71D8EB8E6+823622]
	(No symbol) [0x00007FF71D7B5FBF]
	(No symbol) [0x00007FF71D7B0EE4]
	(No symbol) [0x00007FF71D7B1072]
	(No symbol) [0x00007FF71D7A18C4]
	BaseThreadInitThunk [0x00007FFA6BF67344+20]
	RtlUserThreadStart [0x00007FFA6C1626B1+33]
</msg>
<status status="FAIL" starttime="20240520 16:41:07.389" endtime="20240520 16:41:08.226"/>
</kw>
<kw name="Click Element" library="SeleniumLibrary">
<arg>${LOGIN_MENU}</arg>
<doc>Click the element identified by ``locator``.</doc>
<status status="NOT RUN" starttime="20240520 16:41:08.226" endtime="20240520 16:41:08.226"/>
</kw>
<kw name="Wait Until Element Contains" library="SeleniumLibrary">
<arg>${LOGIN_POPUP}</arg>
<arg>${LOGIN_POPUP_TEXT}</arg>
<doc>Waits until the element ``locator`` contains ``text``.</doc>
<status status="NOT RUN" starttime="20240520 16:41:08.228" endtime="20240520 16:41:08.228"/>
</kw>
<kw name="Click Element" library="SeleniumLibrary">
<arg>${LOGIN_EMAIL_TEXTBOX}</arg>
<doc>Click the element identified by ``locator``.</doc>
<status status="NOT RUN" starttime="20240520 16:41:08.228" endtime="20240520 16:41:08.228"/>
</kw>
<kw name="Input Text" library="SeleniumLibrary">
<arg>${LOGIN_EMAIL_TEXTBOX}</arg>
<arg>${LOGIN_EMAIL}</arg>
<doc>Types the given ``text`` into the text field identified by ``locator``.</doc>
<status status="NOT RUN" starttime="20240520 16:41:08.229" endtime="20240520 16:41:08.229"/>
</kw>
<kw name="Click Element" library="SeleniumLibrary">
<arg>${LOGIN_PASSWORD_TEXTBOX}</arg>
<doc>Click the element identified by ``locator``.</doc>
<status status="NOT RUN" starttime="20240520 16:41:08.229" endtime="20240520 16:41:08.229"/>
</kw>
<kw name="Input Text" library="SeleniumLibrary">
<arg>${LOGIN_PASSWORD_TEXTBOX}</arg>
<arg>${LOGIN_PASSWORD}</arg>
<doc>Types the given ``text`` into the text field identified by ``locator``.</doc>
<status status="NOT RUN" starttime="20240520 16:41:08.229" endtime="20240520 16:41:08.229"/>
</kw>
<kw name="Click Element" library="SeleniumLibrary">
<arg>${LOGIN_BUTTON}</arg>
<doc>Click the element identified by ``locator``.</doc>
<status status="NOT RUN" starttime="20240520 16:41:08.229" endtime="20240520 16:41:08.229"/>
</kw>
<kw name="Sleep" library="BuiltIn">
<arg>3s</arg>
<doc>Pauses the test executed for the given time.</doc>
<status status="NOT RUN" starttime="20240520 16:41:08.229" endtime="20240520 16:41:08.229"/>
</kw>
<status status="FAIL" starttime="20240520 16:41:07.387" endtime="20240520 16:41:08.230"/>
</kw>
<kw name="Wait Until Element Is Not Visible" library="SeleniumLibrary">
<arg>${LOGIN_POPUP}</arg>
<doc>Waits until the element ``locator`` is not visible.</doc>
<status status="NOT RUN" starttime="20240520 16:41:08.234" endtime="20240520 16:41:08.234"/>
</kw>
<kw name="Click Element" library="SeleniumLibrary">
<arg>${HOMEPAGE_SEARCH_PRODUCT_ICON}</arg>
<doc>Click the element identified by ``locator``.</doc>
<status status="NOT RUN" starttime="20240520 16:41:08.237" endtime="20240520 16:41:08.237"/>
</kw>
<kw name="Input Text" library="SeleniumLibrary">
<arg>${HOMEPAGE_SEARCH_PRODUCT_FIELD}</arg>
<arg>${PRODUCT_1}</arg>
<doc>Types the given ``text`` into the text field identified by ``locator``.</doc>
<status status="NOT RUN" starttime="20240520 16:41:08.238" endtime="20240520 16:41:08.239"/>
</kw>
<kw name="Press Keys" library="SeleniumLibrary">
<arg>${HOMEPAGE_SEARCH_PRODUCT_FIELD}</arg>
<arg>${KEYBOARD_BUTTON_ENTER}</arg>
<doc>Simulates the user pressing key(s) to an element or on the active browser.</doc>
<status status="NOT RUN" starttime="20240520 16:41:08.240" endtime="20240520 16:41:08.240"/>
</kw>
<kw name="Sleep" library="BuiltIn">
<arg>2s</arg>
<doc>Pauses the test executed for the given time.</doc>
<status status="NOT RUN" starttime="20240520 16:41:08.241" endtime="20240520 16:41:08.241"/>
</kw>
<kw name="Click Element" library="SeleniumLibrary">
<arg>${PLP_PRODUCT_1}</arg>
<doc>Click the element identified by ``locator``.</doc>
<status status="NOT RUN" starttime="20240520 16:41:08.242" endtime="20240520 16:41:08.242"/>
</kw>
<kw name="Sleep" library="BuiltIn">
<arg>2s</arg>
<doc>Pauses the test executed for the given time.</doc>
<status status="NOT RUN" starttime="20240520 16:41:08.243" endtime="20240520 16:41:08.243"/>
</kw>
<kw name="Wait Until Element Contains" library="SeleniumLibrary">
<arg>${PDP_BREADCRUMBS_ITEMLIST}</arg>
<arg>${PRODUCT_1}</arg>
<doc>Waits until the element ``locator`` contains ``text``.</doc>
<status status="NOT RUN" starttime="20240520 16:41:08.245" endtime="20240520 16:41:08.245"/>
</kw>
<kw name="Sleep" library="BuiltIn">
<arg>4s</arg>
<doc>Pauses the test executed for the given time.</doc>
<status status="NOT RUN" starttime="20240520 16:41:08.248" endtime="20240520 16:41:08.248"/>
</kw>
<kw name="Click Element" library="SeleniumLibrary">
<arg>${PDP_ADD_TO_CART_BUTTON}</arg>
<doc>Click the element identified by ``locator``.</doc>
<status status="NOT RUN" starttime="20240520 16:41:08.250" endtime="20240520 16:41:08.250"/>
</kw>
<kw name="Wait Until Element Contains" library="SeleniumLibrary">
<arg>${PDP_ADD_TO_CART_SUCCESS_POPUP}</arg>
<arg>${SUCCESS_TEXT}</arg>
<doc>Waits until the element ``locator`` contains ``text``.</doc>
<status status="NOT RUN" starttime="20240520 16:41:08.252" endtime="20240520 16:41:08.253"/>
</kw>
<kw name="Click Element" library="SeleniumLibrary">
<arg>${PDP_ADD_TO_CART_SUCCESS_POPUP_OK_BUTTON}</arg>
<doc>Click the element identified by ``locator``.</doc>
<status status="NOT RUN" starttime="20240520 16:41:08.254" endtime="20240520 16:41:08.254"/>
</kw>
<kw name="Get Text" library="SeleniumLibrary">
<var>${MINICART_COUNT}</var>
<arg>${MINI_CART_COUNTER_LABEL}</arg>
<doc>Returns the text value of the element identified by ``locator``.</doc>
<status status="NOT RUN" starttime="20240520 16:41:08.254" endtime="20240520 16:41:08.255"/>
</kw>
<kw name="Log To Console" library="BuiltIn">
<arg>Get count on minicart icon = ${MINICART_COUNT}</arg>
<doc>Logs the given message to the console.</doc>
<status status="NOT RUN" starttime="20240520 16:41:08.256" endtime="20240520 16:41:08.256"/>
</kw>
<kw name="Click Element" library="SeleniumLibrary">
<arg>${MINI_CART_ICON}</arg>
<doc>Click the element identified by ``locator``.</doc>
<status status="NOT RUN" starttime="20240520 16:41:08.257" endtime="20240520 16:41:08.257"/>
</kw>
<kw name="Wait Until Page Contains Element" library="SeleniumLibrary">
<arg>${VIEW_MY_BAG_BUTTON}</arg>
<doc>Waits until the element ``locator`` appears on the current page.</doc>
<status status="NOT RUN" starttime="20240520 16:41:08.258" endtime="20240520 16:41:08.259"/>
</kw>
<kw name="Click Element" library="SeleniumLibrary">
<arg>${VIEW_MY_BAG_BUTTON}</arg>
<doc>Click the element identified by ``locator``.</doc>
<status status="NOT RUN" starttime="20240520 16:41:08.260" endtime="20240520 16:41:08.261"/>
</kw>
<kw name="Wait Until Page Contains" library="SeleniumLibrary">
<arg>${VIEW_MY_BAG_PAGE_TEXT}</arg>
<doc>Waits until ``text`` appears on the current page.</doc>
<status status="NOT RUN" starttime="20240520 16:41:08.262" endtime="20240520 16:41:08.262"/>
</kw>
<kw name="Wait Until Page Contains Element" library="SeleniumLibrary">
<arg>${VIEW_MY_BAG_PRODUCT_ITEM_DETAIL_INCREASE_QTY}</arg>
<doc>Waits until the element ``locator`` appears on the current page.</doc>
<status status="NOT RUN" starttime="20240520 16:41:08.264" endtime="20240520 16:41:08.264"/>
</kw>
<kw name="Click Element" library="SeleniumLibrary">
<arg>${VIEW_MY_BAG_PRODUCT_ITEM_DETAIL_INCREASE_QTY}</arg>
<doc>Click the element identified by ``locator``.</doc>
<status status="NOT RUN" starttime="20240520 16:41:08.265" endtime="20240520 16:41:08.265"/>
</kw>
<kw name="Sleep" library="BuiltIn">
<arg>2s</arg>
<doc>Pauses the test executed for the given time.</doc>
<status status="NOT RUN" starttime="20240520 16:41:08.266" endtime="20240520 16:41:08.266"/>
</kw>
<kw name="Wait Until Page Contains Element" library="SeleniumLibrary">
<arg>${VIEW_MY_BAG_LOADING_INDICATOR}</arg>
<doc>Waits until the element ``locator`` appears on the current page.</doc>
<status status="NOT RUN" starttime="20240520 16:41:08.267" endtime="20240520 16:41:08.268"/>
</kw>
<kw name="Sleep" library="BuiltIn">
<arg>2s</arg>
<doc>Pauses the test executed for the given time.</doc>
<status status="NOT RUN" starttime="20240520 16:41:08.269" endtime="20240520 16:41:08.270"/>
</kw>
<kw name="Wait Until Page Contains Element" library="SeleniumLibrary">
<arg>${VIEW_MY_BAG_FREE_GIFT_POPUP}</arg>
<doc>Waits until the element ``locator`` appears on the current page.</doc>
<status status="NOT RUN" starttime="20240520 16:41:08.272" endtime="20240520 16:41:08.272"/>
</kw>
<kw name="Sleep" library="BuiltIn">
<arg>3s</arg>
<doc>Pauses the test executed for the given time.</doc>
<status status="NOT RUN" starttime="20240520 16:41:08.273" endtime="20240520 16:41:08.274"/>
</kw>
<kw name="Click Element" library="SeleniumLibrary">
<arg>${VIEW_MY_BAG_FREE_GIFT_POPUP_CLOSE}</arg>
<doc>Click the element identified by ``locator``.</doc>
<status status="NOT RUN" starttime="20240520 16:41:08.274" endtime="20240520 16:41:08.274"/>
</kw>
<kw name="Wait Until Element Is Not Visible" library="SeleniumLibrary">
<arg>${VIEW_MY_BAG_FREE_GIFT_POPUP}</arg>
<doc>Waits until the element ``locator`` is not visible.</doc>
<status status="NOT RUN" starttime="20240520 16:41:08.275" endtime="20240520 16:41:08.275"/>
</kw>
<kw name="Get Text" library="SeleniumLibrary">
<var>${MINICART_COUNT_UPDATE}</var>
<arg>${MINI_CART_COUNTER_LABEL}</arg>
<doc>Returns the text value of the element identified by ``locator``.</doc>
<status status="NOT RUN" starttime="20240520 16:41:08.276" endtime="20240520 16:41:08.277"/>
</kw>
<kw name="Log To Console" library="BuiltIn">
<arg>Get count on minicart icon update to: ${MINICART_COUNT_UPDATE}</arg>
<doc>Logs the given message to the console.</doc>
<status status="NOT RUN" starttime="20240520 16:41:08.277" endtime="20240520 16:41:08.277"/>
</kw>
<kw name="Logout" library="keywords">
<status status="NOT RUN" starttime="20240520 16:41:08.278" endtime="20240520 16:41:08.279"/>
</kw>
<kw name="Delete All Cookies" library="SeleniumLibrary">
<doc>Deletes all cookies.</doc>
<status status="NOT RUN" starttime="20240520 16:41:08.280" endtime="20240520 16:41:08.280"/>
</kw>
<kw name="Close Browser" library="SeleniumLibrary">
<doc>Closes the current browser.</doc>
<status status="NOT RUN" starttime="20240520 16:41:08.281" endtime="20240520 16:41:08.281"/>
</kw>
<status status="FAIL" starttime="20240520 16:40:59.922" endtime="20240520 16:41:08.283">StaleElementReferenceException: Message: stale element reference: stale element not found
  (Session info: chrome=124.0.6367.208); For documentation on this error, please visit: https://www.selenium.dev/documentation/webdriver/troubleshooting/errors#stale-element-reference-exception
Stacktrace:
	GetHandleVerifier [0x00007FF71D831522+60802]
	(No symbol) [0x00007FF71D7AAC22]
	(No symbol) [0x00007FF71D667CE4]
	(No symbol) [0x00007FF71D67A051]
	(No symbol) [0x00007FF71D67AA7A]
	(No symbol) [0x00007FF71D66E95B]
	(No symbol) [0x00007FF71D66C781]
	(No symbol) [0x00007FF71D6701DB]
	(No symbol) [0x00007FF71D670280]
	(No symbol) [0x00007FF71D6B8D14]
	(No symbol) [0x00007FF71D6AAD46]
	(No symbol) [0x00007FF71D6DAB7A]
	(No symbol) [0x00007FF71D6AA7C6]
	(No symbol) [0x00007FF71D6DAD90]
	(No symbol) [0x00007FF71D6FA224]
	(No symbol) [0x00007FF71D6DA923]
	(No symbol) [0x00007FF71D6A8FEC]
	(No symbol) [0x00007FF71D6A9C21]
	GetHandleVerifier [0x00007FF71DB341BD+3217949]
	GetHandleVerifier [0x00007FF71DB76157+3488183]
	GetHandleVerifier [0x00007FF71DB6F0DF+3459391]
	GetHandleVerifier [0x00007FF71D8EB8E6+823622]
	(No symbol) [0x00007FF71D7B5FBF]
	(No symbol) [0x00007FF71D7B0EE4]
	(No symbol) [0x00007FF71D7B1072]
	(No symbol) [0x00007FF71D7A18C4]
	BaseThreadInitThunk [0x00007FFA6BF67344+20]
	RtlUserThreadStart [0x00007FFA6C1626B1+33]
</status>
</test>
<status status="FAIL" starttime="20240520 16:40:59.635" endtime="20240520 16:41:08.296"/>
</suite>
<statistics>
<total>
<stat pass="0" fail="1" skip="0">All Tests</stat>
</total>
<tag>
</tag>
<suite>
<stat pass="0" fail="1" skip="0" id="s1" name="Header-Mini Cart">Header-Mini Cart</stat>
</suite>
</statistics>
<errors>
</errors>
</robot>
