<?xml version="1.0" encoding="UTF-8"?>
<robot generator="Robot 4.1.3 (Python 3.12.2 on win32)" generated="20240627 17:05:38.028" rpa="false" schemaversion="2">
<suite id="s1" name="Payment and Order CF" source="c:\Users\kittiya\Desktop\Nuey_robot_ecom\Jaspal\Payment and Order CF.robot">
<test id="s1-t1" name="Payment and Order CF_TC_1: To Verify registered customer enter only Visa, Master Card and JCB details in Payment and Review tab">
<kw name="Open Website" library="keywords">
<kw name="Open Browser" library="SeleniumLibrary">
<arg>${URL}</arg>
<arg>gc</arg>
<doc>Opens a new browser instance to the optional ``url``.</doc>
<msg timestamp="20240627 17:05:38.259" level="INFO">Opening browser 'gc' to base url 'https://mcstaging-2-4.jaspal.com/'.</msg>
<status status="PASS" starttime="20240627 17:05:38.258" endtime="20240627 17:05:42.544"/>
</kw>
<kw name="Maximize Browser Window" library="SeleniumLibrary">
<doc>Maximizes current browser window.</doc>
<status status="PASS" starttime="20240627 17:05:42.545" endtime="20240627 17:05:42.865"/>
</kw>
<status status="PASS" starttime="20240627 17:05:38.258" endtime="20240627 17:05:42.866"/>
</kw>
<kw name="Accept Cookies" library="keywords">
<kw name="Wait Until Page Contains Element" library="SeleniumLibrary">
<arg>xpath=//div[@role="document"]//p[text()='The JASPAL site uses cookies.']</arg>
<doc>Waits until the element ``locator`` appears on the current page.</doc>
<status status="PASS" starttime="20240627 17:05:42.868" endtime="20240627 17:05:43.671"/>
</kw>
<kw name="Click Element" library="SeleniumLibrary">
<arg>xpath=//button[@class="action allow primary btn btn--primary"]</arg>
<doc>Click the element identified by ``locator``.</doc>
<msg timestamp="20240627 17:05:43.672" level="INFO">Clicking element 'xpath=//button[@class="action allow primary btn btn--primary"]'.</msg>
<status status="PASS" starttime="20240627 17:05:43.671" endtime="20240627 17:05:44.347"/>
</kw>
<kw name="Sleep" library="BuiltIn">
<arg>2s</arg>
<doc>Pauses the test executed for the given time.</doc>
<msg timestamp="20240627 17:05:46.350" level="INFO">Slept 2 seconds</msg>
<status status="PASS" starttime="20240627 17:05:44.348" endtime="20240627 17:05:46.350"/>
</kw>
<status status="PASS" starttime="20240627 17:05:42.867" endtime="20240627 17:05:46.351"/>
</kw>
<kw name="Login" library="keywords">
<arg>${LOGIN_EMAIL_EXISTING_CUSTOMER}</arg>
<arg>${LOGIN_PASSWORD_EXISTING_CUSTOMER}</arg>
<kw name="Click Element" library="SeleniumLibrary">
<arg>${LOGIN_ICON}</arg>
<doc>Click the element identified by ``locator``.</doc>
<msg timestamp="20240627 17:05:46.356" level="INFO">Clicking element 'css=#html-body &gt; div.page-wrapper &gt; header &gt; div.container &gt; div &gt; div.page-header__right &gt; div.header-links-wrapper.cps-login.text-center'.</msg>
<status status="PASS" starttime="20240627 17:05:46.355" endtime="20240627 17:05:48.131"/>
</kw>
<kw name="Click Element" library="SeleniumLibrary">
<arg>${LOGIN_MENU}</arg>
<doc>Click the element identified by ``locator``.</doc>
<msg timestamp="20240627 17:05:48.132" level="INFO">Clicking element 'css=#html-body &gt; div.page-wrapper &gt; header &gt; div.container &gt; div &gt; div.page-header__right &gt; div.header-links-wrapper.cps-login.text-center.active &gt; div.header-links-menu.panel.header.arrow_box &gt; ul &gt; li.authorization-link'.</msg>
<status status="PASS" starttime="20240627 17:05:48.132" endtime="20240627 17:05:48.684"/>
</kw>
<kw name="Wait Until Element Contains" library="SeleniumLibrary">
<arg>${LOGIN_POPUP}</arg>
<arg>${LOGIN_POPUP_TEXT}</arg>
<doc>Waits until the element ``locator`` contains ``text``.</doc>
<status status="PASS" starttime="20240627 17:05:48.685" endtime="20240627 17:05:48.906"/>
</kw>
<kw name="Click Element" library="SeleniumLibrary">
<arg>${LOGIN_EMAIL_TEXTBOX}</arg>
<doc>Click the element identified by ``locator``.</doc>
<msg timestamp="20240627 17:05:48.908" level="INFO">Clicking element 'css=#email-login'.</msg>
<status status="PASS" starttime="20240627 17:05:48.907" endtime="20240627 17:05:49.135"/>
</kw>
<kw name="Input Text" library="SeleniumLibrary">
<arg>${LOGIN_EMAIL_TEXTBOX}</arg>
<arg>${LOGIN_EMAIL}</arg>
<doc>Types the given ``text`` into the text field identified by ``locator``.</doc>
<msg timestamp="20240627 17:05:49.136" level="INFO">Typing text 'bn.nuey.kittiya@gmail.com' into text field 'css=#email-login'.</msg>
<status status="PASS" starttime="20240627 17:05:49.136" endtime="20240627 17:05:49.345"/>
</kw>
<kw name="Click Element" library="SeleniumLibrary">
<arg>${LOGIN_PASSWORD_TEXTBOX}</arg>
<doc>Click the element identified by ``locator``.</doc>
<msg timestamp="20240627 17:05:49.346" level="INFO">Clicking element 'css=#pass-login'.</msg>
<status status="PASS" starttime="20240627 17:05:49.346" endtime="20240627 17:05:49.422"/>
</kw>
<kw name="Input Text" library="SeleniumLibrary">
<arg>${LOGIN_PASSWORD_TEXTBOX}</arg>
<arg>${LOGIN_PASSWORD}</arg>
<doc>Types the given ``text`` into the text field identified by ``locator``.</doc>
<msg timestamp="20240627 17:05:49.423" level="INFO">Typing text 'Bn12345678/' into text field 'css=#pass-login'.</msg>
<status status="PASS" starttime="20240627 17:05:49.423" endtime="20240627 17:05:49.527"/>
</kw>
<kw name="Click Element" library="SeleniumLibrary">
<arg>${LOGIN_BUTTON}</arg>
<doc>Click the element identified by ``locator``.</doc>
<msg timestamp="20240627 17:05:49.528" level="INFO">Clicking element 'css=#send2-login'.</msg>
<status status="PASS" starttime="20240627 17:05:49.528" endtime="20240627 17:05:49.669"/>
</kw>
<kw name="Sleep" library="BuiltIn">
<arg>3s</arg>
<doc>Pauses the test executed for the given time.</doc>
<msg timestamp="20240627 17:05:52.672" level="INFO">Slept 3 seconds</msg>
<status status="PASS" starttime="20240627 17:05:49.671" endtime="20240627 17:05:52.672"/>
</kw>
<status status="PASS" starttime="20240627 17:05:46.353" endtime="20240627 17:05:52.672"/>
</kw>
<kw name="Sleep" library="BuiltIn">
<arg>5s</arg>
<doc>Pauses the test executed for the given time.</doc>
<msg timestamp="20240627 17:05:57.673" level="INFO">Slept 5 seconds</msg>
<status status="PASS" starttime="20240627 17:05:52.673" endtime="20240627 17:05:57.680"/>
</kw>
<kw name="Click Element" library="SeleniumLibrary">
<arg>${HOMEPAGE_SEARCH_PRODUCT_ICON}</arg>
<doc>Click the element identified by ``locator``.</doc>
<msg timestamp="20240627 17:05:57.687" level="INFO">Clicking element 'xpath=//div[@class='desktop-search-btn']'.</msg>
<status status="PASS" starttime="20240627 17:05:57.686" endtime="20240627 17:05:57.870"/>
</kw>
<kw name="Input Text" library="SeleniumLibrary">
<arg>${HOMEPAGE_SEARCH_PRODUCT_FIELD}</arg>
<arg>${PRODUCT_1}</arg>
<doc>Types the given ``text`` into the text field identified by ``locator``.</doc>
<msg timestamp="20240627 17:05:57.873" level="INFO">Typing text 'Floral Long Sleeve Midi Dress' into text field 'css=#search'.</msg>
<status status="PASS" starttime="20240627 17:05:57.872" endtime="20240627 17:05:58.138"/>
</kw>
<kw name="Press Keys" library="SeleniumLibrary">
<arg>${HOMEPAGE_SEARCH_PRODUCT_FIELD}</arg>
<arg>${KEYBOARD_BUTTON_ENTER}</arg>
<doc>Simulates the user pressing key(s) to an element or on the active browser.</doc>
<msg timestamp="20240627 17:05:58.141" level="INFO">Sending key(s) ('ENTER',) to css=#search element.</msg>
<msg timestamp="20240627 17:05:58.486" level="INFO">Pressing special key ENTER to element.</msg>
<msg timestamp="20240627 17:05:58.487" level="INFO">Releasing special key ENTER.</msg>
<status status="PASS" starttime="20240627 17:05:58.139" endtime="20240627 17:05:59.213"/>
</kw>
<kw name="Sleep" library="BuiltIn">
<arg>2s</arg>
<doc>Pauses the test executed for the given time.</doc>
<msg timestamp="20240627 17:06:01.215" level="INFO">Slept 2 seconds</msg>
<status status="PASS" starttime="20240627 17:05:59.214" endtime="20240627 17:06:01.215"/>
</kw>
<kw name="Click Element" library="SeleniumLibrary">
<arg>${PLP_PRODUCT_1}</arg>
<doc>Click the element identified by ``locator``.</doc>
<msg timestamp="20240627 17:06:01.216" level="INFO">Clicking element 'css=#maincontent &gt; div.columns &gt; div &gt; div.search.results &gt; div.products.wrapper.grid.products-grid &gt; ol &gt; li &gt; div'.</msg>
<status status="PASS" starttime="20240627 17:06:01.216" endtime="20240627 17:06:02.319"/>
</kw>
<kw name="Sleep" library="BuiltIn">
<arg>2s</arg>
<doc>Pauses the test executed for the given time.</doc>
<msg timestamp="20240627 17:06:04.322" level="INFO">Slept 2 seconds</msg>
<status status="PASS" starttime="20240627 17:06:02.320" endtime="20240627 17:06:04.322"/>
</kw>
<kw name="Wait Until Element Contains" library="SeleniumLibrary">
<arg>${PDP_BREADCRUMBS_ITEMLIST}</arg>
<arg>${PRODUCT_1}</arg>
<doc>Waits until the element ``locator`` contains ``text``.</doc>
<status status="PASS" starttime="20240627 17:06:04.324" endtime="20240627 17:06:04.354"/>
</kw>
<kw name="Execute Javascript" library="SeleniumLibrary">
<arg>window.scrollTo(0,3200)</arg>
<doc>Executes the given JavaScript code with possible arguments.</doc>
<msg timestamp="20240627 17:06:04.356" level="INFO">Executing JavaScript:
window.scrollTo(0,3200)
Without any arguments.</msg>
<status status="PASS" starttime="20240627 17:06:04.355" endtime="20240627 17:06:04.398"/>
</kw>
<kw name="Sleep" library="BuiltIn">
<arg>4s</arg>
<doc>Pauses the test executed for the given time.</doc>
<msg timestamp="20240627 17:06:08.401" level="INFO">Slept 4 seconds</msg>
<status status="PASS" starttime="20240627 17:06:04.400" endtime="20240627 17:06:08.401"/>
</kw>
<kw name="Click Element" library="SeleniumLibrary">
<arg>${PDP_ADD_TO_CART_BUTTON}</arg>
<doc>Click the element identified by ``locator``.</doc>
<msg timestamp="20240627 17:06:08.403" level="INFO">Clicking element 'xpath=//button[@id="product-addtocart-button"]'.</msg>
<status status="PASS" starttime="20240627 17:06:08.402" endtime="20240627 17:06:08.479"/>
</kw>
<kw name="Sleep" library="BuiltIn">
<arg>3s</arg>
<doc>Pauses the test executed for the given time.</doc>
<msg timestamp="20240627 17:06:11.482" level="INFO">Slept 3 seconds</msg>
<status status="PASS" starttime="20240627 17:06:08.480" endtime="20240627 17:06:11.482"/>
</kw>
<kw name="Wait Until Element Contains" library="SeleniumLibrary">
<arg>${PDP_ADD_TO_CART_SUCCESS_POPUP}</arg>
<arg>${SUCCESS_TEXT}</arg>
<doc>Waits until the element ``locator`` contains ``text``.</doc>
<status status="PASS" starttime="20240627 17:06:11.483" endtime="20240627 17:06:11.554"/>
</kw>
<kw name="Click Element" library="SeleniumLibrary">
<arg>${PDP_ADD_TO_CART_SUCCESS_POPUP_OK_BUTTON}</arg>
<doc>Click the element identified by ``locator``.</doc>
<msg timestamp="20240627 17:06:11.556" level="INFO">Clicking element 'xpath=//footer[@class="modal-footer"]//button[@class="action-primary action-accept"]'.</msg>
<status status="PASS" starttime="20240627 17:06:11.555" endtime="20240627 17:06:11.633"/>
</kw>
<kw name="Get Text" library="SeleniumLibrary">
<var>${MINICART_COUNT}</var>
<arg>${MINI_CART_COUNTER_LABEL}</arg>
<doc>Returns the text value of the element identified by ``locator``.</doc>
<msg timestamp="20240627 17:06:11.655" level="INFO">${MINICART_COUNT} = 4</msg>
<status status="PASS" starttime="20240627 17:06:11.636" endtime="20240627 17:06:11.655"/>
</kw>
<kw name="Log To Console" library="BuiltIn">
<arg>Get count on minicart icon = ${MINICART_COUNT}</arg>
<doc>Logs the given message to the console.</doc>
<status status="PASS" starttime="20240627 17:06:11.656" endtime="20240627 17:06:11.657"/>
</kw>
<kw name="Sleep" library="BuiltIn">
<arg>1s</arg>
<doc>Pauses the test executed for the given time.</doc>
<msg timestamp="20240627 17:06:12.658" level="INFO">Slept 1 second</msg>
<status status="PASS" starttime="20240627 17:06:11.657" endtime="20240627 17:06:12.658"/>
</kw>
<kw name="Click Element" library="SeleniumLibrary">
<arg>${MINI_CART_ICON}</arg>
<doc>Click the element identified by ``locator``.</doc>
<msg timestamp="20240627 17:06:12.661" level="INFO">Clicking element 'xpath=//div[@data-block="minicart"]'.</msg>
<status status="PASS" starttime="20240627 17:06:12.661" endtime="20240627 17:06:12.749"/>
</kw>
<kw name="Wait Until Element Contains" library="SeleniumLibrary">
<arg>${MINI_CART_CHECKOUT_BUTTON}</arg>
<arg>${MINI_CART_CHECKOUT_BUTTON_TEXT}</arg>
<doc>Waits until the element ``locator`` contains ``text``.</doc>
<status status="PASS" starttime="20240627 17:06:12.750" endtime="20240627 17:06:12.798"/>
</kw>
<kw name="Click Element" library="SeleniumLibrary">
<arg>${MINI_CART_CHECKOUT_BUTTON}</arg>
<doc>Click the element identified by ``locator``.</doc>
<msg timestamp="20240627 17:06:12.800" level="INFO">Clicking element 'xpath=//button[@id="top-cart-btn-checkout"]'.</msg>
<status status="PASS" starttime="20240627 17:06:12.799" endtime="20240627 17:06:16.382"/>
</kw>
<kw name="Sleep" library="BuiltIn">
<arg>8s</arg>
<doc>Pauses the test executed for the given time.</doc>
<msg timestamp="20240627 17:06:24.384" level="INFO">Slept 8 seconds</msg>
<status status="PASS" starttime="20240627 17:06:16.383" endtime="20240627 17:06:24.384"/>
</kw>
<kw name="Run Keyword And Return Status" library="BuiltIn">
<var>${LANDING_PAGE}</var>
<arg>Page Should Contain</arg>
<arg>${REVIEW_ORDER_TEXT}</arg>
<doc>Runs the given keyword with given arguments and returns the status as a Boolean value.</doc>
<kw name="Page Should Contain" library="SeleniumLibrary">
<arg>${REVIEW_ORDER_TEXT}</arg>
<doc>Verifies that current page contains ``text``.</doc>
<msg timestamp="20240627 17:06:24.900" level="INFO" html="true">&lt;/td&gt;&lt;/tr&gt;&lt;tr&gt;&lt;td colspan="3"&gt;&lt;a href="selenium-screenshot-308.png"&gt;&lt;img src="selenium-screenshot-308.png" width="800px"&gt;&lt;/a&gt;</msg>
<msg timestamp="20240627 17:06:24.905" level="FAIL">Page should have contained text 'Review Order' but did not.</msg>
<status status="FAIL" starttime="20240627 17:06:24.385" endtime="20240627 17:06:24.906"/>
</kw>
<msg timestamp="20240627 17:06:24.906" level="INFO">${LANDING_PAGE} = False</msg>
<status status="PASS" starttime="20240627 17:06:24.385" endtime="20240627 17:06:24.906"/>
</kw>
<kw name="Sleep" library="BuiltIn">
<arg>3s</arg>
<doc>Pauses the test executed for the given time.</doc>
<msg timestamp="20240627 17:06:27.909" level="INFO">Slept 3 seconds</msg>
<status status="PASS" starttime="20240627 17:06:24.907" endtime="20240627 17:06:27.909"/>
</kw>
<if>
<branch type="IF" condition="'${LANDING_PAGE}'=='${REVIEW_ORDER_TEXT}'">
<kw name="Click Element" library="SeleniumLibrary">
<arg>${REVIEW_ORDER_SHIPPING_EDIT_BUTTON}</arg>
<doc>Click the element identified by ``locator``.</doc>
<status status="NOT RUN" starttime="20240627 17:06:27.911" endtime="20240627 17:06:27.912"/>
</kw>
<status status="NOT RUN" starttime="20240627 17:06:27.910" endtime="20240627 17:06:27.912"/>
</branch>
<branch type="ELSE">
<kw name="Wait Until Page Contains" library="SeleniumLibrary">
<arg>${SHIPPING_INFORMATION_TEXT}</arg>
<doc>Waits until ``text`` appears on the current page.</doc>
<status status="PASS" starttime="20240627 17:06:27.913" endtime="20240627 17:06:27.954"/>
</kw>
<status status="PASS" starttime="20240627 17:06:27.912" endtime="20240627 17:06:27.954"/>
</branch>
<status status="PASS" starttime="20240627 17:06:27.910" endtime="20240627 17:06:27.954"/>
</if>
<kw name="Click Element" library="SeleniumLibrary">
<arg>${SHIPPING_PROCEED_TO_PAYMENT_BUTTON}</arg>
<doc>Click the element identified by ``locator``.</doc>
<msg timestamp="20240627 17:06:27.955" level="INFO">Clicking element 'xpath=//button[@data-bind="click: processToPayment"]'.</msg>
<status status="PASS" starttime="20240627 17:06:27.955" endtime="20240627 17:06:28.113"/>
</kw>
<kw name="Sleep" library="BuiltIn">
<arg>3s</arg>
<doc>Pauses the test executed for the given time.</doc>
<msg timestamp="20240627 17:06:31.121" level="INFO">Slept 3 seconds</msg>
<status status="PASS" starttime="20240627 17:06:28.120" endtime="20240627 17:06:31.121"/>
</kw>
<kw name="Wait Until Page Contains" library="SeleniumLibrary">
<arg>${PAYMENT_SELECT_PAYMENT_METHOD_TEXT}</arg>
<doc>Waits until ``text`` appears on the current page.</doc>
<status status="PASS" starttime="20240627 17:06:31.122" endtime="20240627 17:06:31.161"/>
</kw>
<kw name="Sleep" library="BuiltIn">
<arg>2s</arg>
<doc>Pauses the test executed for the given time.</doc>
<msg timestamp="20240627 17:06:33.162" level="INFO">Slept 2 seconds</msg>
<status status="PASS" starttime="20240627 17:06:31.161" endtime="20240627 17:06:33.163"/>
</kw>
<kw name="Click Element" library="SeleniumLibrary">
<arg>${PAYMENT_METHOD_CC}</arg>
<doc>Click the element identified by ``locator``.</doc>
<msg timestamp="20240627 17:06:33.165" level="INFO">Clicking element 'xpath=//div[@class="payment-method-title field choice"]//label[@for="omise_cc"]'.</msg>
<status status="PASS" starttime="20240627 17:06:33.164" endtime="20240627 17:06:33.244"/>
</kw>
<kw name="Sleep" library="BuiltIn">
<arg>2s</arg>
<doc>Pauses the test executed for the given time.</doc>
<msg timestamp="20240627 17:06:35.247" level="INFO">Slept 2 seconds</msg>
<status status="PASS" starttime="20240627 17:06:33.246" endtime="20240627 17:06:35.248"/>
</kw>
<kw name="Input Text" library="SeleniumLibrary">
<arg>${CARDHOLDER_NAME_FIELD}</arg>
<arg>${CARDHOLDER_NAME}</arg>
<doc>Types the given ``text`` into the text field identified by ``locator``.</doc>
<msg timestamp="20240627 17:06:35.250" level="INFO">Typing text 'kittiya QA' into text field 'xpath=//input[@id="omise_ccCardHolderName"]'.</msg>
<status status="PASS" starttime="20240627 17:06:35.249" endtime="20240627 17:06:35.369"/>
</kw>
<kw name="Input Text" library="SeleniumLibrary">
<arg>${CARD_NUMBER_FIELD}</arg>
<arg>${CARD_NUMBER}</arg>
<doc>Types the given ``text`` into the text field identified by ``locator``.</doc>
<msg timestamp="20240627 17:06:35.371" level="INFO">Typing text '4242424242424242' into text field 'xpath=//input[@id="omise_ccCardNumber"]'.</msg>
<status status="PASS" starttime="20240627 17:06:35.369" endtime="20240627 17:06:35.538"/>
</kw>
<kw name="Select From List By Value" library="SeleniumLibrary">
<arg>${EXPIRATION_MONTH_FIELD}</arg>
<arg>${EXPIRATION_MONTH}</arg>
<doc>Selects options from selection list ``locator`` by ``values``.</doc>
<msg timestamp="20240627 17:06:35.538" level="INFO">Selecting options from selection list 'xpath=//select[@class="select select-month"]' by value 1.</msg>
<status status="PASS" starttime="20240627 17:06:35.538" endtime="20240627 17:06:35.635"/>
</kw>
<kw name="Select From List By Value" library="SeleniumLibrary">
<arg>${EXPIRATION_YEAR_FIELD}</arg>
<arg>${EXPIRATION_YEAR}</arg>
<doc>Selects options from selection list ``locator`` by ``values``.</doc>
<msg timestamp="20240627 17:06:35.636" level="INFO">Selecting options from selection list 'xpath=//select[@class="select select-year"]' by value 2026.</msg>
<status status="PASS" starttime="20240627 17:06:35.636" endtime="20240627 17:06:35.712"/>
</kw>
<kw name="Input Text" library="SeleniumLibrary">
<arg>${CVV_FIELD}</arg>
<arg>${CVV}</arg>
<doc>Types the given ``text`` into the text field identified by ``locator``.</doc>
<msg timestamp="20240627 17:06:35.717" level="INFO">Typing text '123' into text field 'xpath=//input[@id="omise_ccCardSecurityCode"]'.</msg>
<status status="PASS" starttime="20240627 17:06:35.715" endtime="20240627 17:06:35.792"/>
</kw>
<kw name="Sleep" library="BuiltIn">
<arg>4s</arg>
<doc>Pauses the test executed for the given time.</doc>
<msg timestamp="20240627 17:06:39.794" level="INFO">Slept 4 seconds</msg>
<status status="PASS" starttime="20240627 17:06:35.793" endtime="20240627 17:06:39.794"/>
</kw>
<kw name="Click Element" library="SeleniumLibrary">
<arg>${PAYMENT_PROCEED_TO_REVIEW_BUTTON}</arg>
<doc>Click the element identified by ``locator``.</doc>
<msg timestamp="20240627 17:06:39.795" level="INFO">Clicking element 'xpath=//button[@class="button action primary"]'.</msg>
<status status="PASS" starttime="20240627 17:06:39.795" endtime="20240627 17:06:40.142"/>
</kw>
<kw name="Sleep" library="BuiltIn">
<arg>3s</arg>
<doc>Pauses the test executed for the given time.</doc>
<msg timestamp="20240627 17:06:43.145" level="INFO">Slept 3 seconds</msg>
<status status="PASS" starttime="20240627 17:06:40.143" endtime="20240627 17:06:43.145"/>
</kw>
<kw name="Wait Until Page Contains" library="SeleniumLibrary">
<arg>${REVIEW_ORDER_TEXT}</arg>
<doc>Waits until ``text`` appears on the current page.</doc>
<status status="PASS" starttime="20240627 17:06:43.147" endtime="20240627 17:06:43.185"/>
</kw>
<kw name="Execute Javascript" library="SeleniumLibrary">
<arg>window.scrollTo(0,400)</arg>
<doc>Executes the given JavaScript code with possible arguments.</doc>
<msg timestamp="20240627 17:06:43.207" level="INFO">Executing JavaScript:
window.scrollTo(0,400)
Without any arguments.</msg>
<status status="PASS" starttime="20240627 17:06:43.186" endtime="20240627 17:06:43.216"/>
</kw>
<kw name="Wait Until Element Contains" library="SeleniumLibrary">
<arg>${REVIEW_ORDER_PAYMENT_SECTION}</arg>
<arg>${REVIEW_ORDER_PAYMENT_TEXT}</arg>
<doc>Waits until the element ``locator`` contains ``text``.</doc>
<status status="PASS" starttime="20240627 17:06:43.217" endtime="20240627 17:06:43.259"/>
</kw>
<kw name="Sleep" library="BuiltIn">
<arg>3s</arg>
<doc>Pauses the test executed for the given time.</doc>
<msg timestamp="20240627 17:06:46.260" level="INFO">Slept 3 seconds</msg>
<status status="PASS" starttime="20240627 17:06:43.260" endtime="20240627 17:06:46.260"/>
</kw>
<kw name="Click Element" library="SeleniumLibrary">
<arg>${WEB_LOGO}</arg>
<doc>Click the element identified by ``locator``.</doc>
<msg timestamp="20240627 17:06:46.261" level="INFO">Clicking element 'css=#html-body &gt; div.page-wrapper &gt; header &gt; div.container &gt; div &gt; a &gt; img'.</msg>
<msg timestamp="20240627 17:06:47.450" level="INFO" html="true">&lt;/td&gt;&lt;/tr&gt;&lt;tr&gt;&lt;td colspan="3"&gt;&lt;a href="selenium-screenshot-309.png"&gt;&lt;img src="selenium-screenshot-309.png" width="800px"&gt;&lt;/a&gt;</msg>
<msg timestamp="20240627 17:06:47.455" level="FAIL">ElementClickInterceptedException: Message: element click intercepted: Element &lt;img src="https://mcstaging-2-4.jaspal.com/media/logo/stores/9/Jaspal_Logo_4__1_1_.jpg" title="JASPAL" alt="JASPAL" width="170"&gt; is not clickable at point (67, 70). Other element would receive the click: &lt;div class="nav-wrapper nav-container"&gt;...&lt;/div&gt;
  (Session info: chrome=126.0.6478.127)
Stacktrace:
	GetHandleVerifier [0x00007FF71E92EEA2+31554]
	(No symbol) [0x00007FF71E8A7ED9]
	(No symbol) [0x00007FF71E76872A]
	(No symbol) [0x00007FF71E7C012E]
	(No symbol) [0x00007FF71E7BDAF2]
	(No symbol) [0x00007FF71E7BAF8B]
	(No symbol) [0x00007FF71E7BA156]
	(No symbol) [0x00007FF71E7AC151]
	(No symbol) [0x00007FF71E7DD02A]
	(No symbol) [0x00007FF71E7ABA76]
	(No symbol) [0x00007FF71E7DD240]
	(No symbol) [0x00007FF71E7FC977]
	(No symbol) [0x00007FF71E7DCDD3]
	(No symbol) [0x00007FF71E7AA33B]
	(No symbol) [0x00007FF71E7AAED1]
	GetHandleVerifier [0x00007FF71EC38B1D+3217341]
	GetHandleVerifier [0x00007FF71EC85AE3+3532675]
	GetHandleVerifier [0x00007FF71EC7B0E0+3489152]
	GetHandleVerifier [0x00007FF71E9DE776+750614]
	(No symbol) [0x00007FF71E8B375F]
	(No symbol) [0x00007FF71E8AEB14]
	(No symbol) [0x00007FF71E8AECA2]
	(No symbol) [0x00007FF71E89E16F]
	BaseThreadInitThunk [0x00007FFB00207344+20]
	RtlUserThreadStart [0x00007FFB0055CC91+33]
</msg>
<status status="FAIL" starttime="20240627 17:06:46.261" endtime="20240627 17:06:47.457"/>
</kw>
<kw name="Delete item from mini cart" library="keywords">
<status status="NOT RUN" starttime="20240627 17:06:47.457" endtime="20240627 17:06:47.458"/>
</kw>
<kw name="Logout" library="keywords">
<status status="NOT RUN" starttime="20240627 17:06:47.458" endtime="20240627 17:06:47.458"/>
</kw>
<kw name="Delete All Cookies" library="SeleniumLibrary">
<doc>Deletes all cookies.</doc>
<status status="NOT RUN" starttime="20240627 17:06:47.458" endtime="20240627 17:06:47.459"/>
</kw>
<kw name="Close Browser" library="SeleniumLibrary">
<doc>Closes the current browser.</doc>
<status status="NOT RUN" starttime="20240627 17:06:47.459" endtime="20240627 17:06:47.459"/>
</kw>
<status status="FAIL" starttime="20240627 17:05:38.257" endtime="20240627 17:06:47.460">ElementClickInterceptedException: Message: element click intercepted: Element &lt;img src="https://mcstaging-2-4.jaspal.com/media/logo/stores/9/Jaspal_Logo_4__1_1_.jpg" title="JASPAL" alt="JASPAL" width="170"&gt; is not clickable at point (67, 70). Other element would receive the click: &lt;div class="nav-wrapper nav-container"&gt;...&lt;/div&gt;
  (Session info: chrome=126.0.6478.127)
Stacktrace:
	GetHandleVerifier [0x00007FF71E92EEA2+31554]
	(No symbol) [0x00007FF71E8A7ED9]
	(No symbol) [0x00007FF71E76872A]
	(No symbol) [0x00007FF71E7C012E]
	(No symbol) [0x00007FF71E7BDAF2]
	(No symbol) [0x00007FF71E7BAF8B]
	(No symbol) [0x00007FF71E7BA156]
	(No symbol) [0x00007FF71E7AC151]
	(No symbol) [0x00007FF71E7DD02A]
	(No symbol) [0x00007FF71E7ABA76]
	(No symbol) [0x00007FF71E7DD240]
	(No symbol) [0x00007FF71E7FC977]
	(No symbol) [0x00007FF71E7DCDD3]
	(No symbol) [0x00007FF71E7AA33B]
	(No symbol) [0x00007FF71E7AAED1]
	GetHandleVerifier [0x00007FF71EC38B1D+3217341]
	GetHandleVerifier [0x00007FF71EC85AE3+3532675]
	GetHandleVerifier [0x00007FF71EC7B0E0+3489152]
	GetHandleVerifier [0x00007FF71E9DE776+750614]
	(No symbol) [0x00007FF71E8B375F]
	(No symbol) [0x00007FF71E8AEB14]
	(No symbol) [0x00007FF71E8AECA2]
	(No symbol) [0x00007FF71E89E16F]
	BaseThreadInitThunk [0x00007FFB00207344+20]
	RtlUserThreadStart [0x00007FFB0055CC91+33]
</status>
</test>
<status status="FAIL" starttime="20240627 17:05:38.033" endtime="20240627 17:06:47.465"/>
</suite>
<statistics>
<total>
<stat pass="0" fail="1" skip="0">All Tests</stat>
</total>
<tag>
</tag>
<suite>
<stat pass="0" fail="1" skip="0" id="s1" name="Payment and Order CF">Payment and Order CF</stat>
</suite>
</statistics>
<errors>
</errors>
</robot>
