<?xml version="1.0" encoding="UTF-8"?>
<robot generator="Robot 4.1.3 (Python 3.12.2 on win32)" generated="20240507 11:49:34.365" rpa="false" schemaversion="2">
<suite id="s1" name="Home" source="c:\Users\kittiya\Desktop\Nuey_robot_ecom\Misty Mynx\Home.robot">
<test id="s1-t1" name="Home_TC_2: Verify_Back To Top_Register">
<kw name="Open Website" library="keywords">
<kw name="Open Browser" library="SeleniumLibrary">
<arg>${URL}</arg>
<arg>gc</arg>
<doc>Opens a new browser instance to the optional ``url``.</doc>
<msg timestamp="20240507 11:49:34.685" level="INFO">Opening browser 'gc' to base url 'https://mcstaging-2-4.mistymynx.com/'.</msg>
<status status="PASS" starttime="20240507 11:49:34.684" endtime="20240507 11:49:38.117"/>
</kw>
<kw name="Maximize Browser Window" library="SeleniumLibrary">
<doc>Maximizes current browser window.</doc>
<status status="PASS" starttime="20240507 11:49:38.118" endtime="20240507 11:49:38.274"/>
</kw>
<status status="PASS" starttime="20240507 11:49:34.683" endtime="20240507 11:49:38.274"/>
</kw>
<kw name="Accept Cookies" library="keywords">
<kw name="Wait Until Page Contains Element" library="SeleniumLibrary">
<arg>xpath=//div[@role="document"]//p[text()='The MISTY MYNX site uses cookies.']</arg>
<doc>Waits until the element ``locator`` appears on the current page.</doc>
<status status="PASS" starttime="20240507 11:49:38.275" endtime="20240507 11:49:38.612"/>
</kw>
<kw name="Click Element" library="SeleniumLibrary">
<arg>xpath=//button[@class="action allow primary btn btn--primary"]</arg>
<doc>Click the element identified by ``locator``.</doc>
<msg timestamp="20240507 11:49:38.612" level="INFO">Clicking element 'xpath=//button[@class="action allow primary btn btn--primary"]'.</msg>
<status status="PASS" starttime="20240507 11:49:38.612" endtime="20240507 11:49:39.292"/>
</kw>
<kw name="Sleep" library="BuiltIn">
<arg>2s</arg>
<doc>Pauses the test executed for the given time.</doc>
<msg timestamp="20240507 11:49:41.293" level="INFO">Slept 2 seconds</msg>
<status status="PASS" starttime="20240507 11:49:39.292" endtime="20240507 11:49:41.293"/>
</kw>
<status status="PASS" starttime="20240507 11:49:38.275" endtime="20240507 11:49:41.293"/>
</kw>
<kw name="Login" library="keywords">
<arg>${CREATE_ACCOUNT_EMAIL}</arg>
<arg>${CREATE_ACCOUNT_PASSWORD}</arg>
<kw name="Click Element" library="SeleniumLibrary">
<arg>${LOGIN_ICON}</arg>
<doc>Click the element identified by ``locator``.</doc>
<msg timestamp="20240507 11:49:41.294" level="INFO">Clicking element 'css=#html-body &gt; div.page-wrapper &gt; header &gt; div.container &gt; div &gt; div.page-header__right &gt; div.header-links-wrapper.cps-login.text-center'.</msg>
<status status="PASS" starttime="20240507 11:49:41.294" endtime="20240507 11:49:41.795"/>
</kw>
<kw name="Click Element" library="SeleniumLibrary">
<arg>${LOGIN_MENU}</arg>
<doc>Click the element identified by ``locator``.</doc>
<msg timestamp="20240507 11:49:41.795" level="INFO">Clicking element 'css=#html-body &gt; div.page-wrapper &gt; header &gt; div.container &gt; div &gt; div.page-header__right &gt; div.header-links-wrapper.cps-login.text-center.active &gt; div.header-links-menu.panel.header.arrow_box &gt; ul &gt; li.authorization-link'.</msg>
<status status="PASS" starttime="20240507 11:49:41.795" endtime="20240507 11:49:42.188"/>
</kw>
<kw name="Wait Until Element Contains" library="SeleniumLibrary">
<arg>${LOGIN_POPUP}</arg>
<arg>${LOGIN_POPUP_TEXT}</arg>
<doc>Waits until the element ``locator`` contains ``text``.</doc>
<status status="PASS" starttime="20240507 11:49:42.188" endtime="20240507 11:49:42.299"/>
</kw>
<kw name="Click Element" library="SeleniumLibrary">
<arg>${LOGIN_EMAIL_TEXTBOX}</arg>
<doc>Click the element identified by ``locator``.</doc>
<msg timestamp="20240507 11:49:42.301" level="INFO">Clicking element 'css=#email-login'.</msg>
<status status="PASS" starttime="20240507 11:49:42.300" endtime="20240507 11:49:42.359"/>
</kw>
<kw name="Input Text" library="SeleniumLibrary">
<arg>${LOGIN_EMAIL_TEXTBOX}</arg>
<arg>${LOGIN_EMAIL}</arg>
<doc>Types the given ``text`` into the text field identified by ``locator``.</doc>
<msg timestamp="20240507 11:49:42.359" level="INFO">Typing text 'kittiyanuey994@gmail.com' into text field 'css=#email-login'.</msg>
<status status="PASS" starttime="20240507 11:49:42.359" endtime="20240507 11:49:42.469"/>
</kw>
<kw name="Click Element" library="SeleniumLibrary">
<arg>${LOGIN_PASSWORD_TEXTBOX}</arg>
<doc>Click the element identified by ``locator``.</doc>
<msg timestamp="20240507 11:49:42.470" level="INFO">Clicking element 'css=#pass-login'.</msg>
<status status="PASS" starttime="20240507 11:49:42.469" endtime="20240507 11:49:42.524"/>
</kw>
<kw name="Input Text" library="SeleniumLibrary">
<arg>${LOGIN_PASSWORD_TEXTBOX}</arg>
<arg>${LOGIN_PASSWORD}</arg>
<doc>Types the given ``text`` into the text field identified by ``locator``.</doc>
<msg timestamp="20240507 11:49:42.525" level="INFO">Typing text 'Bn12345678/' into text field 'css=#pass-login'.</msg>
<status status="PASS" starttime="20240507 11:49:42.524" endtime="20240507 11:49:42.594"/>
</kw>
<kw name="Click Element" library="SeleniumLibrary">
<arg>${LOGIN_BUTTON}</arg>
<doc>Click the element identified by ``locator``.</doc>
<msg timestamp="20240507 11:49:42.595" level="INFO">Clicking element 'css=#send2-login'.</msg>
<status status="PASS" starttime="20240507 11:49:42.594" endtime="20240507 11:49:42.677"/>
</kw>
<kw name="Sleep" library="BuiltIn">
<arg>1s</arg>
<doc>Pauses the test executed for the given time.</doc>
<msg timestamp="20240507 11:49:43.677" level="INFO">Slept 1 second</msg>
<status status="PASS" starttime="20240507 11:49:42.677" endtime="20240507 11:49:43.677"/>
</kw>
<kw name="Wait Until Element Is Not Visible" library="SeleniumLibrary">
<arg>${LOGIN_POPUP}</arg>
<doc>Waits until the element ``locator`` is not visible.</doc>
<status status="PASS" starttime="20240507 11:49:43.677" endtime="20240507 11:49:46.506"/>
</kw>
<kw name="Sleep" library="BuiltIn">
<arg>1s</arg>
<doc>Pauses the test executed for the given time.</doc>
<msg timestamp="20240507 11:49:47.507" level="INFO">Slept 1 second</msg>
<status status="PASS" starttime="20240507 11:49:46.507" endtime="20240507 11:49:47.507"/>
</kw>
<status status="PASS" starttime="20240507 11:49:41.294" endtime="20240507 11:49:47.508"/>
</kw>
<kw name="Wait Until Element Is Not Visible" library="SeleniumLibrary">
<arg>${LOGIN_POPUP}</arg>
<doc>Waits until the element ``locator`` is not visible.</doc>
<status status="PASS" starttime="20240507 11:49:47.509" endtime="20240507 11:49:47.526"/>
</kw>
<kw name="Execute Javascript" library="SeleniumLibrary">
<arg>window.scrollTo(0, document.body.scrollHeight)</arg>
<doc>Executes the given JavaScript code with possible arguments.</doc>
<msg timestamp="20240507 11:49:47.528" level="INFO">Executing JavaScript:
window.scrollTo(0, document.body.scrollHeight)
Without any arguments.</msg>
<status status="PASS" starttime="20240507 11:49:47.527" endtime="20240507 11:49:47.593"/>
</kw>
<kw name="Wait Until Page Contains Element" library="SeleniumLibrary">
<arg>${HOMEPAGE_SCROLL_TO_TOP_BUTTON}</arg>
<doc>Waits until the element ``locator`` appears on the current page.</doc>
<status status="PASS" starttime="20240507 11:49:47.595" endtime="20240507 11:49:47.651"/>
</kw>
<kw name="Click Element" library="SeleniumLibrary">
<arg>${HOMEPAGE_SCROLL_TO_TOP_BUTTON}</arg>
<doc>Click the element identified by ``locator``.</doc>
<msg timestamp="20240507 11:49:47.652" level="INFO">Clicking element 'xpath=//div[@class="scroll-top"]'.</msg>
<status status="PASS" starttime="20240507 11:49:47.652" endtime="20240507 11:49:47.767"/>
</kw>
<kw name="Wait Until Page Contains Element" library="SeleniumLibrary">
<arg>${WEB_LOGO_MM}</arg>
<doc>Waits until the element ``locator`` appears on the current page.</doc>
<status status="PASS" starttime="20240507 11:49:47.768" endtime="20240507 11:49:47.815"/>
</kw>
<kw name="Delete All Cookies" library="SeleniumLibrary">
<doc>Deletes all cookies.</doc>
<status status="PASS" starttime="20240507 11:49:47.816" endtime="20240507 11:49:47.974"/>
</kw>
<kw name="Close Browser" library="SeleniumLibrary">
<doc>Closes the current browser.</doc>
<status status="PASS" starttime="20240507 11:49:47.975" endtime="20240507 11:49:51.548"/>
</kw>
<status status="PASS" starttime="20240507 11:49:34.683" endtime="20240507 11:49:51.549"/>
</test>
<status status="PASS" starttime="20240507 11:49:34.371" endtime="20240507 11:49:51.551"/>
</suite>
<statistics>
<total>
<stat pass="1" fail="0" skip="0">All Tests</stat>
</total>
<tag>
</tag>
<suite>
<stat pass="1" fail="0" skip="0" id="s1" name="Home">Home</stat>
</suite>
</statistics>
<errors>
<msg timestamp="20240507 11:49:34.664" level="ERROR">Error in file 'c:\Users\kittiya\Desktop\Nuey_robot_ecom\Misty Mynx\keywords.robot' on line 3: Resource file 'variables.robot' does not exist.</msg>
</errors>
</robot>
