<?xml version="1.0" encoding="UTF-8"?>
<robot generator="Robot 4.1.3 (Python 3.12.2 on win32)" generated="20240502 14:06:38.385" rpa="false" schemaversion="2">
<suite id="s1" name="Header-Mini Cart" source="c:\Users\kittiya\Desktop\Nuey_robot_ecom\Misty Mynx\Header-Mini Cart.robot">
<test id="s1-t1" name="Header-Mini Cart_TC_16: To Verify customer able to add Free gift product to bag from shopping bag page.">
<kw name="Open Website" library="keywords">
<kw name="Open Browser" library="SeleniumLibrary">
<arg>${URL}</arg>
<arg>gc</arg>
<doc>Opens a new browser instance to the optional ``url``.</doc>
<msg timestamp="20240502 14:06:38.708" level="INFO">Opening browser 'gc' to base url 'https://mcstaging-2-4.mistymynx.com/'.</msg>
<status status="PASS" starttime="20240502 14:06:38.707" endtime="20240502 14:06:43.368"/>
</kw>
<kw name="Maximize Browser Window" library="SeleniumLibrary">
<doc>Maximizes current browser window.</doc>
<status status="PASS" starttime="20240502 14:06:43.369" endtime="20240502 14:06:43.929"/>
</kw>
<status status="PASS" starttime="20240502 14:06:38.706" endtime="20240502 14:06:43.929"/>
</kw>
<kw name="Accept Cookies" library="keywords">
<kw name="Wait Until Page Contains Element" library="SeleniumLibrary">
<arg>xpath=//div[@role="document"]//p[text()='The MISTY MYNX site uses cookies.']</arg>
<doc>Waits until the element ``locator`` appears on the current page.</doc>
<status status="PASS" starttime="20240502 14:06:43.935" endtime="20240502 14:06:43.952"/>
</kw>
<kw name="Click Element" library="SeleniumLibrary">
<arg>xpath=//button[@class="action allow primary btn btn--primary"]</arg>
<doc>Click the element identified by ``locator``.</doc>
<msg timestamp="20240502 14:06:43.952" level="INFO">Clicking element 'xpath=//button[@class="action allow primary btn btn--primary"]'.</msg>
<status status="PASS" starttime="20240502 14:06:43.952" endtime="20240502 14:06:44.582"/>
</kw>
<kw name="Sleep" library="BuiltIn">
<arg>2s</arg>
<doc>Pauses the test executed for the given time.</doc>
<msg timestamp="20240502 14:06:46.584" level="INFO">Slept 2 seconds</msg>
<status status="PASS" starttime="20240502 14:06:44.583" endtime="20240502 14:06:46.584"/>
</kw>
<status status="PASS" starttime="20240502 14:06:43.933" endtime="20240502 14:06:46.584"/>
</kw>
<kw name="Login" library="keywords">
<arg>bn.nuey.kittiya@gmail.com</arg>
<arg>Bn12345678/</arg>
<kw name="Click Element" library="SeleniumLibrary">
<arg>${LOGIN_ICON}</arg>
<doc>Click the element identified by ``locator``.</doc>
<msg timestamp="20240502 14:06:46.586" level="INFO">Clicking element 'css=#html-body &gt; div.page-wrapper &gt; header &gt; div.container &gt; div &gt; div.page-header__right &gt; div.header-links-wrapper.cps-login.text-center'.</msg>
<status status="PASS" starttime="20240502 14:06:46.585" endtime="20240502 14:06:47.213"/>
</kw>
<kw name="Click Element" library="SeleniumLibrary">
<arg>${LOGIN_MENU}</arg>
<doc>Click the element identified by ``locator``.</doc>
<msg timestamp="20240502 14:06:47.213" level="INFO">Clicking element 'css=#html-body &gt; div.page-wrapper &gt; header &gt; div.container &gt; div &gt; div.page-header__right &gt; div.header-links-wrapper.cps-login.text-center.active &gt; div.header-links-menu.panel.header.arrow_box &gt; ul &gt; li.authorization-link'.</msg>
<status status="PASS" starttime="20240502 14:06:47.213" endtime="20240502 14:06:47.403"/>
</kw>
<kw name="Wait Until Element Contains" library="SeleniumLibrary">
<arg>${LOGIN_POPUP}</arg>
<arg>LOG IN</arg>
<doc>Waits until the element ``locator`` contains ``text``.</doc>
<status status="PASS" starttime="20240502 14:06:47.403" endtime="20240502 14:06:47.527"/>
</kw>
<kw name="Click Element" library="SeleniumLibrary">
<arg>${LOGIN_EMAIL_TEXTBOX}</arg>
<doc>Click the element identified by ``locator``.</doc>
<msg timestamp="20240502 14:06:47.528" level="INFO">Clicking element 'css=#email-login'.</msg>
<status status="PASS" starttime="20240502 14:06:47.527" endtime="20240502 14:06:47.689"/>
</kw>
<kw name="Input Text" library="SeleniumLibrary">
<arg>${LOGIN_EMAIL_TEXTBOX}</arg>
<arg>${LOGIN_EMAIL}</arg>
<doc>Types the given ``text`` into the text field identified by ``locator``.</doc>
<msg timestamp="20240502 14:06:47.689" level="INFO">Typing text 'bn.nuey.kittiya@gmail.com' into text field 'css=#email-login'.</msg>
<status status="PASS" starttime="20240502 14:06:47.689" endtime="20240502 14:06:47.797"/>
</kw>
<kw name="Click Element" library="SeleniumLibrary">
<arg>${LOGIN_PASSWORD_TEXTBOX}</arg>
<doc>Click the element identified by ``locator``.</doc>
<msg timestamp="20240502 14:06:47.798" level="INFO">Clicking element 'css=#pass-login'.</msg>
<status status="PASS" starttime="20240502 14:06:47.798" endtime="20240502 14:06:47.857"/>
</kw>
<kw name="Input Text" library="SeleniumLibrary">
<arg>${LOGIN_PASSWORD_TEXTBOX}</arg>
<arg>${LOGIN_PASSWORD}</arg>
<doc>Types the given ``text`` into the text field identified by ``locator``.</doc>
<msg timestamp="20240502 14:06:47.858" level="INFO">Typing text 'Bn12345678/' into text field 'css=#pass-login'.</msg>
<status status="PASS" starttime="20240502 14:06:47.858" endtime="20240502 14:06:47.950"/>
</kw>
<kw name="Click Element" library="SeleniumLibrary">
<arg>${LOGIN_BUTTON}</arg>
<doc>Click the element identified by ``locator``.</doc>
<msg timestamp="20240502 14:06:47.950" level="INFO">Clicking element 'css=#send2-login'.</msg>
<status status="PASS" starttime="20240502 14:06:47.950" endtime="20240502 14:06:48.034"/>
</kw>
<kw name="Sleep" library="BuiltIn">
<arg>1s</arg>
<doc>Pauses the test executed for the given time.</doc>
<msg timestamp="20240502 14:06:49.035" level="INFO">Slept 1 second</msg>
<status status="PASS" starttime="20240502 14:06:48.035" endtime="20240502 14:06:49.035"/>
</kw>
<kw name="Wait Until Element Is Not Visible" library="SeleniumLibrary">
<arg>${LOGIN_POPUP}</arg>
<doc>Waits until the element ``locator`` is not visible.</doc>
<status status="PASS" starttime="20240502 14:06:49.035" endtime="20240502 14:06:51.650"/>
</kw>
<kw name="Sleep" library="BuiltIn">
<arg>1s</arg>
<doc>Pauses the test executed for the given time.</doc>
<msg timestamp="20240502 14:06:52.651" level="INFO">Slept 1 second</msg>
<status status="PASS" starttime="20240502 14:06:51.650" endtime="20240502 14:06:52.651"/>
</kw>
<status status="PASS" starttime="20240502 14:06:46.585" endtime="20240502 14:06:52.651"/>
</kw>
<kw name="Click Element" library="SeleniumLibrary">
<arg>${HOMEPAGE_SEARCH_PRODUCT_ICON}</arg>
<doc>Click the element identified by ``locator``.</doc>
<msg timestamp="20240502 14:06:52.653" level="INFO">Clicking element 'xpath=//div[@class='desktop-search-btn']'.</msg>
<status status="PASS" starttime="20240502 14:06:52.652" endtime="20240502 14:06:52.765"/>
</kw>
<kw name="Input Text" library="SeleniumLibrary">
<arg>${HOMEPAGE_SEARCH_PRODUCT_FIELD}</arg>
<arg>${PRODUCT_1}</arg>
<doc>Types the given ``text`` into the text field identified by ``locator``.</doc>
<msg timestamp="20240502 14:06:52.768" level="INFO">Typing text 'Mynx Love Tee' into text field 'css=#search'.</msg>
<status status="PASS" starttime="20240502 14:06:52.766" endtime="20240502 14:06:52.861"/>
</kw>
<kw name="Press Keys" library="SeleniumLibrary">
<arg>${HOMEPAGE_SEARCH_PRODUCT_FIELD}</arg>
<arg>ENTER</arg>
<doc>Simulates the user pressing key(s) to an element or on the active browser.</doc>
<msg timestamp="20240502 14:06:52.861" level="INFO">Sending key(s) ('ENTER',) to css=#search element.</msg>
<msg timestamp="20240502 14:06:53.192" level="INFO">Pressing special key ENTER to element.</msg>
<msg timestamp="20240502 14:06:53.193" level="INFO">Releasing special key ENTER.</msg>
<status status="PASS" starttime="20240502 14:06:52.861" endtime="20240502 14:06:53.765"/>
</kw>
<kw name="Sleep" library="BuiltIn">
<arg>2s</arg>
<doc>Pauses the test executed for the given time.</doc>
<msg timestamp="20240502 14:06:55.767" level="INFO">Slept 2 seconds</msg>
<status status="PASS" starttime="20240502 14:06:53.766" endtime="20240502 14:06:55.767"/>
</kw>
<kw name="Click Element" library="SeleniumLibrary">
<arg>${PLP_PRODUCT_1}</arg>
<doc>Click the element identified by ``locator``.</doc>
<msg timestamp="20240502 14:06:55.770" level="INFO">Clicking element 'css=#maincontent &gt; div.columns &gt; div &gt; div.search.results &gt; div.products.wrapper.grid.products-grid &gt; ol &gt; li &gt; div'.</msg>
<status status="PASS" starttime="20240502 14:06:55.769" endtime="20240502 14:06:56.448"/>
</kw>
<kw name="Sleep" library="BuiltIn">
<arg>2s</arg>
<doc>Pauses the test executed for the given time.</doc>
<msg timestamp="20240502 14:06:58.451" level="INFO">Slept 2 seconds</msg>
<status status="PASS" starttime="20240502 14:06:56.449" endtime="20240502 14:06:58.451"/>
</kw>
<kw name="Wait Until Element Contains" library="SeleniumLibrary">
<arg>xpath=//div[@class="crumbName container"]</arg>
<arg>Mynx Love Tee</arg>
<doc>Waits until the element ``locator`` contains ``text``.</doc>
<status status="PASS" starttime="20240502 14:06:58.452" endtime="20240502 14:06:58.477"/>
</kw>
<kw name="Sleep" library="BuiltIn">
<arg>4s</arg>
<doc>Pauses the test executed for the given time.</doc>
<msg timestamp="20240502 14:07:02.478" level="INFO">Slept 4 seconds</msg>
<status status="PASS" starttime="20240502 14:06:58.478" endtime="20240502 14:07:02.478"/>
</kw>
<kw name="Click Element" library="SeleniumLibrary">
<arg>xpath=//button[@id="product-addtocart-button"]</arg>
<doc>Click the element identified by ``locator``.</doc>
<msg timestamp="20240502 14:07:02.481" level="INFO">Clicking element 'xpath=//button[@id="product-addtocart-button"]'.</msg>
<status status="PASS" starttime="20240502 14:07:02.480" endtime="20240502 14:07:02.575"/>
</kw>
<kw name="Wait Until Element Contains" library="SeleniumLibrary">
<arg>xpath=//div[@class="modal-inner-wrap"]//h1[contains(text(),'success')]</arg>
<arg>SUCCESS</arg>
<doc>Waits until the element ``locator`` contains ``text``.</doc>
<status status="PASS" starttime="20240502 14:07:02.576" endtime="20240502 14:07:04.089"/>
</kw>
<kw name="Click Element" library="SeleniumLibrary">
<arg>xpath=//footer[@class="modal-footer"]//button[@class="action-primary action-accept"]</arg>
<doc>Click the element identified by ``locator``.</doc>
<msg timestamp="20240502 14:07:04.090" level="INFO">Clicking element 'xpath=//footer[@class="modal-footer"]//button[@class="action-primary action-accept"]'.</msg>
<status status="PASS" starttime="20240502 14:07:04.090" endtime="20240502 14:07:04.155"/>
</kw>
<kw name="Get Text" library="SeleniumLibrary">
<var>${MINICART_COUNT}</var>
<arg>xpath=//span[@class="counter-label"]</arg>
<doc>Returns the text value of the element identified by ``locator``.</doc>
<msg timestamp="20240502 14:07:04.178" level="INFO">${MINICART_COUNT} = 1</msg>
<status status="PASS" starttime="20240502 14:07:04.158" endtime="20240502 14:07:04.180"/>
</kw>
<kw name="Log To Console" library="BuiltIn">
<arg>Get count on minicart icon: ${MINICART_COUNT}</arg>
<doc>Logs the given message to the console.</doc>
<status status="PASS" starttime="20240502 14:07:04.180" endtime="20240502 14:07:04.183"/>
</kw>
<kw name="Sleep" library="BuiltIn">
<arg>2s</arg>
<doc>Pauses the test executed for the given time.</doc>
<msg timestamp="20240502 14:07:06.184" level="INFO">Slept 2 seconds</msg>
<status status="PASS" starttime="20240502 14:07:04.183" endtime="20240502 14:07:06.184"/>
</kw>
<kw name="Click Element" library="SeleniumLibrary">
<arg>${MINI_CART_ICON}</arg>
<doc>Click the element identified by ``locator``.</doc>
<msg timestamp="20240502 14:07:06.187" level="INFO">Clicking element 'xpath=//div[@data-block="minicart"]'.</msg>
<status status="PASS" starttime="20240502 14:07:06.186" endtime="20240502 14:07:06.252"/>
</kw>
<kw name="Wait Until Page Contains Element" library="SeleniumLibrary">
<arg>${VIEW_MY_BAG_BUTTON}</arg>
<doc>Waits until the element ``locator`` appears on the current page.</doc>
<status status="PASS" starttime="20240502 14:07:06.253" endtime="20240502 14:07:06.265"/>
</kw>
<kw name="Click Element" library="SeleniumLibrary">
<arg>${VIEW_MY_BAG_BUTTON}</arg>
<doc>Click the element identified by ``locator``.</doc>
<msg timestamp="20240502 14:07:06.266" level="INFO">Clicking element 'css=#minicart-content-wrapper &gt; div.block-content &gt; div.actions.cart-btn-group &gt; div.secondary &gt; a &gt; button'.</msg>
<status status="PASS" starttime="20240502 14:07:06.266" endtime="20240502 14:07:09.667"/>
</kw>
<kw name="Wait Until Page Contains" library="SeleniumLibrary">
<arg>My Bag</arg>
<doc>Waits until ``text`` appears on the current page.</doc>
<status status="PASS" starttime="20240502 14:07:09.667" endtime="20240502 14:07:09.713"/>
</kw>
<kw name="Wait Until Page Contains Element" library="SeleniumLibrary">
<arg>${VIEW_MY_BAG_FREE_GIFT_POPUP}</arg>
<doc>Waits until the element ``locator`` appears on the current page.</doc>
<status status="PASS" starttime="20240502 14:07:09.715" endtime="20240502 14:07:09.753"/>
</kw>
<kw name="Sleep" library="BuiltIn">
<arg>5s</arg>
<doc>Pauses the test executed for the given time.</doc>
<msg timestamp="20240502 14:07:14.755" level="INFO">Slept 5 seconds</msg>
<status status="PASS" starttime="20240502 14:07:09.754" endtime="20240502 14:07:14.755"/>
</kw>
<kw name="Wait Until Page Contains Element" library="SeleniumLibrary">
<arg>xpath=//div[@class="ampromo-popup-container"]//div[@class="container products-grid"]//ol[@class="product-items row"]//li[1]//div[@class="product-item-info"]//img[@class="product-image-photo"]</arg>
<doc>Waits until the element ``locator`` appears on the current page.</doc>
<status status="PASS" starttime="20240502 14:07:14.757" endtime="20240502 14:07:14.808"/>
</kw>
<kw name="Wait Until Page Contains Element" library="SeleniumLibrary">
<arg>xpath=//div[@class="product details product-item-details"]//strong[@class="product name product-item-name"]</arg>
<doc>Waits until the element ``locator`` appears on the current page.</doc>
<status status="PASS" starttime="20240502 14:07:14.809" endtime="20240502 14:07:14.823"/>
</kw>
<kw name="Get Text" library="SeleniumLibrary">
<var>${FREE_GIFT_PRODUCT_NAME_IN_FREE_GIFT_POPUP}</var>
<arg>xpath=//div[@class="product details product-item-details"]//strong[@class="product name product-item-name"]</arg>
<doc>Returns the text value of the element identified by ``locator``.</doc>
<msg timestamp="20240502 14:07:14.839" level="INFO">${FREE_GIFT_PRODUCT_NAME_IN_FREE_GIFT_POPUP} = #Apparel</msg>
<status status="PASS" starttime="20240502 14:07:14.823" endtime="20240502 14:07:14.839"/>
</kw>
<kw name="Log To Console" library="BuiltIn">
<arg>Free gift product name is ${FREE_GIFT_PRODUCT_NAME_IN_FREE_GIFT_POPUP}</arg>
<doc>Logs the given message to the console.</doc>
<status status="PASS" starttime="20240502 14:07:14.840" endtime="20240502 14:07:14.840"/>
</kw>
<kw name="Sleep" library="BuiltIn">
<arg>5s</arg>
<doc>Pauses the test executed for the given time.</doc>
<msg timestamp="20240502 14:07:19.842" level="INFO">Slept 5 seconds</msg>
<status status="PASS" starttime="20240502 14:07:14.841" endtime="20240502 14:07:19.842"/>
</kw>
<kw name="Click Element" library="SeleniumLibrary">
<arg>xpath=//div[@class="ampromo-popup-container"]//div[@class="container products-grid"]//ol[@class="product-items row"]//li[1]//div[@class="ampromo-item-qty-input"]//span[@class="increaseQty"]</arg>
<doc>Click the element identified by ``locator``.</doc>
<msg timestamp="20240502 14:07:19.844" level="INFO">Clicking element 'xpath=//div[@class="ampromo-popup-container"]//div[@class="container products-grid"]//ol[@class="product-items row"]//li[1]//div[@class="ampromo-item-qty-input"]//span[@class="increaseQty"]'.</msg>
<status status="PASS" starttime="20240502 14:07:19.844" endtime="20240502 14:07:19.896"/>
</kw>
<kw name="Sleep" library="BuiltIn">
<arg>5s</arg>
<doc>Pauses the test executed for the given time.</doc>
<msg timestamp="20240502 14:07:24.898" level="INFO">Slept 5 seconds</msg>
<status status="PASS" starttime="20240502 14:07:19.897" endtime="20240502 14:07:24.898"/>
</kw>
<kw name="Get Text" library="SeleniumLibrary">
<var>${PRODUCT_QTY_IN_FREE_GIFT_POPUP}</var>
<arg>xpath=//div[@class="ampromo-popup-container"]//div[@class="container products-grid"]//ol[@class="product-items row"]//li[1]//input[@title="QTY Select"]</arg>
<doc>Returns the text value of the element identified by ``locator``.</doc>
<msg timestamp="20240502 14:07:24.922" level="INFO">${PRODUCT_QTY_IN_FREE_GIFT_POPUP} = </msg>
<status status="PASS" starttime="20240502 14:07:24.900" endtime="20240502 14:07:24.922"/>
</kw>
<kw name="Log To Console" library="BuiltIn">
<arg>QTY_IN_FREE_GIFT_POPUP is ${PRODUCT_QTY_IN_FREE_GIFT_POPUP}</arg>
<doc>Logs the given message to the console.</doc>
<status status="PASS" starttime="20240502 14:07:24.923" endtime="20240502 14:07:24.924"/>
</kw>
<kw name="Sleep" library="BuiltIn">
<arg>5s</arg>
<doc>Pauses the test executed for the given time.</doc>
<msg timestamp="20240502 14:07:29.926" level="INFO">Slept 5 seconds</msg>
<status status="PASS" starttime="20240502 14:07:24.925" endtime="20240502 14:07:29.926"/>
</kw>
<kw name="Click Element" library="SeleniumLibrary">
<arg>xpath=//div[@class="ampromo-popup-container"]//div[@class="container products-grid"]//button[@class="action tocart btn btn--primary ampromo-button"]</arg>
<doc>Click the element identified by ``locator``.</doc>
<msg timestamp="20240502 14:07:29.927" level="INFO">Clicking element 'xpath=//div[@class="ampromo-popup-container"]//div[@class="container products-grid"]//button[@class="action tocart btn btn--primary ampromo-button"]'.</msg>
<status status="PASS" starttime="20240502 14:07:29.927" endtime="20240502 14:07:29.987"/>
</kw>
<kw name="Wait Until Page Contains Element" library="SeleniumLibrary">
<arg>${VIEW_MY_BAG_FREE_GIFT_POPUP}</arg>
<doc>Waits until the element ``locator`` appears on the current page.</doc>
<status status="PASS" starttime="20240502 14:07:29.988" endtime="20240502 14:07:29.997"/>
</kw>
<kw name="Sleep" library="BuiltIn">
<arg>5s</arg>
<doc>Pauses the test executed for the given time.</doc>
<msg timestamp="20240502 14:07:34.998" level="INFO">Slept 5 seconds</msg>
<status status="PASS" starttime="20240502 14:07:29.997" endtime="20240502 14:07:34.998"/>
</kw>
<kw name="Click Element" library="SeleniumLibrary">
<arg>${VIEW_MY_BAG_FREE_GIFT_POPUP_CLOSE}</arg>
<doc>Click the element identified by ``locator``.</doc>
<msg timestamp="20240502 14:07:35.001" level="INFO">Clicking element 'xpath=//div[@data-role="ampromo-popup-hide"]'.</msg>
<msg timestamp="20240502 14:07:37.198" level="INFO" html="true">&lt;/td&gt;&lt;/tr&gt;&lt;tr&gt;&lt;td colspan="3"&gt;&lt;a href="selenium-screenshot-23.png"&gt;&lt;img src="selenium-screenshot-23.png" width="800px"&gt;&lt;/a&gt;</msg>
<msg timestamp="20240502 14:07:37.214" level="FAIL">ElementNotInteractableException: Message: element not interactable
  (Session info: chrome=124.0.6367.63)
Stacktrace:
	GetHandleVerifier [0x00007FF64CBD1502+60802]
	(No symbol) [0x00007FF64CB4AC02]
	(No symbol) [0x00007FF64CA07B13]
	(No symbol) [0x00007FF64CA58052]
	(No symbol) [0x00007FF64CA4AE8B]
	(No symbol) [0x00007FF64CA7AB7A]
	(No symbol) [0x00007FF64CA4A7C6]
	(No symbol) [0x00007FF64CA7AD90]
	(No symbol) [0x00007FF64CA9A224]
	(No symbol) [0x00007FF64CA7A923]
	(No symbol) [0x00007FF64CA48FEC]
	(No symbol) [0x00007FF64CA49C21]
	GetHandleVerifier [0x00007FF64CED411D+3217821]
	GetHandleVerifier [0x00007FF64CF160B7+3488055]
	GetHandleVerifier [0x00007FF64CF0F03F+3459263]
	GetHandleVerifier [0x00007FF64CC8B846+823494]
	(No symbol) [0x00007FF64CB55F9F]
	(No symbol) [0x00007FF64CB50EC4]
	(No symbol) [0x00007FF64CB51052]
	(No symbol) [0x00007FF64CB418A4]
	BaseThreadInitThunk [0x00007FFDC9E37344+20]
	RtlUserThreadStart [0x00007FFDCAF426B1+33]
</msg>
<status status="FAIL" starttime="20240502 14:07:35.000" endtime="20240502 14:07:37.217"/>
</kw>
<kw name="Wait Until Element Is Not Visible" library="SeleniumLibrary">
<arg>${VIEW_MY_BAG_FREE_GIFT_POPUP}</arg>
<doc>Waits until the element ``locator`` is not visible.</doc>
<status status="NOT RUN" starttime="20240502 14:07:37.222" endtime="20240502 14:07:37.222"/>
</kw>
<kw name="Sleep" library="BuiltIn">
<arg>2s</arg>
<doc>Pauses the test executed for the given time.</doc>
<status status="NOT RUN" starttime="20240502 14:07:37.223" endtime="20240502 14:07:37.224"/>
</kw>
<kw name="Wait Until Page Contains Element" library="SeleniumLibrary">
<arg>xpath=//span[@class="free-gift-title"][text()="Free Gift"]</arg>
<doc>Waits until the element ``locator`` appears on the current page.</doc>
<status status="NOT RUN" starttime="20240502 14:07:37.224" endtime="20240502 14:07:37.225"/>
</kw>
<kw name="Wait Until Page Contains Element" library="SeleniumLibrary">
<arg>xpath=//tbody[@class="cart item free-gift free-gift-block"]//strong[@class="product-item-name"]</arg>
<doc>Waits until the element ``locator`` appears on the current page.</doc>
<status status="NOT RUN" starttime="20240502 14:07:37.225" endtime="20240502 14:07:37.225"/>
</kw>
<kw name="Get Text" library="SeleniumLibrary">
<var>${FREE_GIFT_PRODUCT_NAME_IN_MY_BAG}</var>
<arg>xpath=//tbody[@class="cart item free-gift free-gift-block"]//strong[@class="product-item-name"]</arg>
<doc>Returns the text value of the element identified by ``locator``.</doc>
<status status="NOT RUN" starttime="20240502 14:07:37.226" endtime="20240502 14:07:37.226"/>
</kw>
<kw name="Log To Console" library="BuiltIn">
<arg>Free gift product name is ${FREE_GIFT_PRODUCT_NAME_IN_MY_BAG}</arg>
<doc>Logs the given message to the console.</doc>
<status status="NOT RUN" starttime="20240502 14:07:37.228" endtime="20240502 14:07:37.229"/>
</kw>
<kw name="Get Text" library="SeleniumLibrary">
<var>${PRODUCT_QTY_IN_MY_BAG}</var>
<arg>xpath=//tbody[@class="cart item free-gift free-gift-block"]//ul[@class="item-options options-list"]//li[@class="list-options"]//div[@class="values"]</arg>
<doc>Returns the text value of the element identified by ``locator``.</doc>
<status status="NOT RUN" starttime="20240502 14:07:37.231" endtime="20240502 14:07:37.231"/>
</kw>
<kw name="Log To Console" library="BuiltIn">
<arg>QTY_IN_MY_BAG is ${PRODUCT_QTY_IN_MY_BAG}</arg>
<doc>Logs the given message to the console.</doc>
<status status="NOT RUN" starttime="20240502 14:07:37.232" endtime="20240502 14:07:37.232"/>
</kw>
<if>
<branch type="IF" condition="'${PRODUCT_QTY_IN_FREE_GIFT_POPUP}'=='${PRODUCT_QTY_IN_MY_BAG}'">
<kw name="Wait Until Page Contains Element" library="SeleniumLibrary">
<arg>${VIEW_MY_BAG_PRODUCT_ITEM_DETAIL_REMOVE_ITEM}</arg>
<doc>Waits until the element ``locator`` appears on the current page.</doc>
<status status="NOT RUN" starttime="20240502 14:07:37.233" endtime="20240502 14:07:37.234"/>
</kw>
<kw name="Sleep" library="BuiltIn">
<arg>5s</arg>
<doc>Pauses the test executed for the given time.</doc>
<status status="NOT RUN" starttime="20240502 14:07:37.234" endtime="20240502 14:07:37.234"/>
</kw>
<kw name="Log To Console" library="BuiltIn">
<arg>Qty on Free Gift Popup is equal to qty in Free gift section on My bag page.</arg>
<doc>Logs the given message to the console.</doc>
<status status="NOT RUN" starttime="20240502 14:07:37.235" endtime="20240502 14:07:37.235"/>
</kw>
<kw name="Click Element" library="SeleniumLibrary">
<arg>${VIEW_MY_BAG_PRODUCT_ITEM_DETAIL_REMOVE_ITEM}</arg>
<doc>Click the element identified by ``locator``.</doc>
<status status="NOT RUN" starttime="20240502 14:07:37.236" endtime="20240502 14:07:37.238"/>
</kw>
<kw name="Wait Until Page Contains" library="SeleniumLibrary">
<arg>Your shopping bag is empty.</arg>
<doc>Waits until ``text`` appears on the current page.</doc>
<status status="NOT RUN" starttime="20240502 14:07:37.238" endtime="20240502 14:07:37.238"/>
</kw>
<status status="NOT RUN" starttime="20240502 14:07:37.233" endtime="20240502 14:07:37.238"/>
</branch>
<branch type="ELSE">
<kw name="Log To Console" library="BuiltIn">
<arg>Test Failed.</arg>
<doc>Logs the given message to the console.</doc>
<status status="NOT RUN" starttime="20240502 14:07:37.238" endtime="20240502 14:07:37.238"/>
</kw>
<status status="NOT RUN" starttime="20240502 14:07:37.238" endtime="20240502 14:07:37.240"/>
</branch>
<status status="NOT RUN" starttime="20240502 14:07:37.233" endtime="20240502 14:07:37.240"/>
</if>
<kw name="Logout" library="keywords">
<status status="NOT RUN" starttime="20240502 14:07:37.242" endtime="20240502 14:07:37.243"/>
</kw>
<kw name="Delete All Cookies" library="SeleniumLibrary">
<doc>Deletes all cookies.</doc>
<status status="NOT RUN" starttime="20240502 14:07:37.243" endtime="20240502 14:07:37.244"/>
</kw>
<kw name="Close Browser" library="SeleniumLibrary">
<doc>Closes the current browser.</doc>
<status status="NOT RUN" starttime="20240502 14:07:37.246" endtime="20240502 14:07:37.247"/>
</kw>
<status status="FAIL" starttime="20240502 14:06:38.706" endtime="20240502 14:07:37.249">ElementNotInteractableException: Message: element not interactable
  (Session info: chrome=124.0.6367.63)
Stacktrace:
	GetHandleVerifier [0x00007FF64CBD1502+60802]
	(No symbol) [0x00007FF64CB4AC02]
	(No symbol) [0x00007FF64CA07B13]
	(No symbol) [0x00007FF64CA58052]
	(No symbol) [0x00007FF64CA4AE8B]
	(No symbol) [0x00007FF64CA7AB7A]
	(No symbol) [0x00007FF64CA4A7C6]
	(No symbol) [0x00007FF64CA7AD90]
	(No symbol) [0x00007FF64CA9A224]
	(No symbol) [0x00007FF64CA7A923]
	(No symbol) [0x00007FF64CA48FEC]
	(No symbol) [0x00007FF64CA49C21]
	GetHandleVerifier [0x00007FF64CED411D+3217821]
	GetHandleVerifier [0x00007FF64CF160B7+3488055]
	GetHandleVerifier [0x00007FF64CF0F03F+3459263]
	GetHandleVerifier [0x00007FF64CC8B846+823494]
	(No symbol) [0x00007FF64CB55F9F]
	(No symbol) [0x00007FF64CB50EC4]
	(No symbol) [0x00007FF64CB51052]
	(No symbol) [0x00007FF64CB418A4]
	BaseThreadInitThunk [0x00007FFDC9E37344+20]
	RtlUserThreadStart [0x00007FFDCAF426B1+33]
</status>
</test>
<status status="FAIL" starttime="20240502 14:06:38.391" endtime="20240502 14:07:37.257"/>
</suite>
<statistics>
<total>
<stat pass="0" fail="1" skip="0">All Tests</stat>
</total>
<tag>
</tag>
<suite>
<stat pass="0" fail="1" skip="0" id="s1" name="Header-Mini Cart">Header-Mini Cart</stat>
</suite>
</statistics>
<errors>
</errors>
</robot>
