<?xml version="1.0" encoding="UTF-8"?>
<robot generator="Robot 4.1.3 (Python 3.12.2 on win32)" generated="20240604 16:35:08.097" rpa="false" schemaversion="2">
<suite id="s1" name="My-Account" source="c:\Users\kittiya\Desktop\Nuey_robot_ecom\Jaspal\My-Account.robot">
<test id="s1-t1" name="My_Account_TC_1: MyOrder_Filter_Register">
<kw name="Open Website" library="keywords">
<kw name="Open Browser" library="SeleniumLibrary">
<arg>${URL}</arg>
<arg>gc</arg>
<doc>Opens a new browser instance to the optional ``url``.</doc>
<msg timestamp="20240604 16:35:08.437" level="INFO">Opening browser 'gc' to base url 'https://mcstaging-2-4.jaspal.com/'.</msg>
<status status="PASS" starttime="20240604 16:35:08.436" endtime="20240604 16:35:12.623"/>
</kw>
<kw name="Maximize Browser Window" library="SeleniumLibrary">
<doc>Maximizes current browser window.</doc>
<status status="PASS" starttime="20240604 16:35:12.624" endtime="20240604 16:35:13.371"/>
</kw>
<status status="PASS" starttime="20240604 16:35:08.436" endtime="20240604 16:35:13.372"/>
</kw>
<kw name="Accept Cookies" library="keywords">
<kw name="Wait Until Page Contains Element" library="SeleniumLibrary">
<arg>xpath=//div[@role="document"]//p[text()='The JASPAL site uses cookies.']</arg>
<doc>Waits until the element ``locator`` appears on the current page.</doc>
<status status="PASS" starttime="20240604 16:35:13.374" endtime="20240604 16:35:13.478"/>
</kw>
<kw name="Click Element" library="SeleniumLibrary">
<arg>xpath=//button[@class="action allow primary btn btn--primary"]</arg>
<doc>Click the element identified by ``locator``.</doc>
<msg timestamp="20240604 16:35:13.478" level="INFO">Clicking element 'xpath=//button[@class="action allow primary btn btn--primary"]'.</msg>
<status status="PASS" starttime="20240604 16:35:13.478" endtime="20240604 16:35:14.309"/>
</kw>
<kw name="Sleep" library="BuiltIn">
<arg>2s</arg>
<doc>Pauses the test executed for the given time.</doc>
<msg timestamp="20240604 16:35:16.310" level="INFO">Slept 2 seconds</msg>
<status status="PASS" starttime="20240604 16:35:14.310" endtime="20240604 16:35:16.311"/>
</kw>
<status status="PASS" starttime="20240604 16:35:13.373" endtime="20240604 16:35:16.311"/>
</kw>
<kw name="Login" library="keywords">
<arg>${LOGIN_EMAIL}</arg>
<arg>${LOGIN_PASSWORD}</arg>
<kw name="Click Element" library="SeleniumLibrary">
<arg>${LOGIN_ICON}</arg>
<doc>Click the element identified by ``locator``.</doc>
<msg timestamp="20240604 16:35:16.314" level="INFO">Clicking element 'css=#html-body &gt; div.page-wrapper &gt; header &gt; div.container &gt; div &gt; div.page-header__right &gt; div.header-links-wrapper.cps-login.text-center'.</msg>
<status status="PASS" starttime="20240604 16:35:16.314" endtime="20240604 16:35:17.288"/>
</kw>
<kw name="Click Element" library="SeleniumLibrary">
<arg>${LOGIN_MENU}</arg>
<doc>Click the element identified by ``locator``.</doc>
<msg timestamp="20240604 16:35:17.290" level="INFO">Clicking element 'css=#html-body &gt; div.page-wrapper &gt; header &gt; div.container &gt; div &gt; div.page-header__right &gt; div.header-links-wrapper.cps-login.text-center.active &gt; div.header-links-menu.panel.header.arrow_box &gt; ul &gt; li.authorization-link'.</msg>
<status status="PASS" starttime="20240604 16:35:17.289" endtime="20240604 16:35:17.497"/>
</kw>
<kw name="Wait Until Element Contains" library="SeleniumLibrary">
<arg>${LOGIN_POPUP}</arg>
<arg>${LOGIN_POPUP_TEXT}</arg>
<doc>Waits until the element ``locator`` contains ``text``.</doc>
<status status="PASS" starttime="20240604 16:35:17.497" endtime="20240604 16:35:17.641"/>
</kw>
<kw name="Click Element" library="SeleniumLibrary">
<arg>${LOGIN_EMAIL_TEXTBOX}</arg>
<doc>Click the element identified by ``locator``.</doc>
<msg timestamp="20240604 16:35:17.642" level="INFO">Clicking element 'css=#email-login'.</msg>
<status status="PASS" starttime="20240604 16:35:17.642" endtime="20240604 16:35:17.905"/>
</kw>
<kw name="Input Text" library="SeleniumLibrary">
<arg>${LOGIN_EMAIL_TEXTBOX}</arg>
<arg>${LOGIN_EMAIL}</arg>
<doc>Types the given ``text`` into the text field identified by ``locator``.</doc>
<msg timestamp="20240604 16:35:17.906" level="INFO">Typing text 'tanaporn.t@jaspal.co.th' into text field 'css=#email-login'.</msg>
<status status="PASS" starttime="20240604 16:35:17.905" endtime="20240604 16:35:18.038"/>
</kw>
<kw name="Click Element" library="SeleniumLibrary">
<arg>${LOGIN_PASSWORD_TEXTBOX}</arg>
<doc>Click the element identified by ``locator``.</doc>
<msg timestamp="20240604 16:35:18.040" level="INFO">Clicking element 'css=#pass-login'.</msg>
<status status="PASS" starttime="20240604 16:35:18.038" endtime="20240604 16:35:18.099"/>
</kw>
<kw name="Input Text" library="SeleniumLibrary">
<arg>${LOGIN_PASSWORD_TEXTBOX}</arg>
<arg>${LOGIN_PASSWORD}</arg>
<doc>Types the given ``text`` into the text field identified by ``locator``.</doc>
<msg timestamp="20240604 16:35:18.099" level="INFO">Typing text 'Ae1234567#' into text field 'css=#pass-login'.</msg>
<status status="PASS" starttime="20240604 16:35:18.099" endtime="20240604 16:35:18.167"/>
</kw>
<kw name="Click Element" library="SeleniumLibrary">
<arg>${LOGIN_BUTTON}</arg>
<doc>Click the element identified by ``locator``.</doc>
<msg timestamp="20240604 16:35:18.168" level="INFO">Clicking element 'css=#send2-login'.</msg>
<status status="PASS" starttime="20240604 16:35:18.167" endtime="20240604 16:35:18.257"/>
</kw>
<kw name="Sleep" library="BuiltIn">
<arg>3s</arg>
<doc>Pauses the test executed for the given time.</doc>
<msg timestamp="20240604 16:35:21.261" level="INFO">Slept 3 seconds</msg>
<status status="PASS" starttime="20240604 16:35:18.258" endtime="20240604 16:35:21.261"/>
</kw>
<status status="PASS" starttime="20240604 16:35:16.313" endtime="20240604 16:35:21.261"/>
</kw>
<kw name="Execute Javascript" library="SeleniumLibrary">
<arg>window.scrollTo(0,300)</arg>
<doc>Executes the given JavaScript code with possible arguments.</doc>
<msg timestamp="20240604 16:35:21.263" level="INFO">Executing JavaScript:
window.scrollTo(0,300)
Without any arguments.</msg>
<status status="PASS" starttime="20240604 16:35:21.262" endtime="20240604 16:35:21.320"/>
</kw>
<kw name="Mouse Over" library="SeleniumLibrary">
<arg>${PROFILE_BTN_2}</arg>
<doc>Simulates hovering the mouse over the element ``locator``.</doc>
<msg timestamp="20240604 16:35:21.329" level="INFO">Simulating Mouse Over on element 'xpath://*[@class="header-links-wrapper cps-login text-center"]/span/em'.</msg>
<status status="PASS" starttime="20240604 16:35:21.326" endtime="20240604 16:35:21.629"/>
</kw>
<kw name="Click Element" library="SeleniumLibrary">
<arg>${PROFILE_BTN_2}</arg>
<doc>Click the element identified by ``locator``.</doc>
<msg timestamp="20240604 16:35:21.631" level="INFO">Clicking element 'xpath://*[@class="header-links-wrapper cps-login text-center"]/span/em'.</msg>
<msg timestamp="20240604 16:35:22.946" level="INFO" html="true">&lt;/td&gt;&lt;/tr&gt;&lt;tr&gt;&lt;td colspan="3"&gt;&lt;a href="selenium-screenshot-88.png"&gt;&lt;img src="selenium-screenshot-88.png" width="800px"&gt;&lt;/a&gt;</msg>
<msg timestamp="20240604 16:35:22.957" level="FAIL">ElementClickInterceptedException: Message: element click intercepted: Element &lt;em class="js-profile"&gt;&lt;/em&gt; is not clickable at point (1207, 38). Other element would receive the click: &lt;div class="modals-overlay" style="z-index: 901;"&gt;&lt;/div&gt;
  (Session info: chrome=124.0.6367.208)
Stacktrace:
	GetHandleVerifier [0x00007FF74E3B1522+60802]
	(No symbol) [0x00007FF74E32AC22]
	(No symbol) [0x00007FF74E1E7CE4]
	(No symbol) [0x00007FF74E23E877]
	(No symbol) [0x00007FF74E23C344]
	(No symbol) [0x00007FF74E23980A]
	(No symbol) [0x00007FF74E2389E2]
	(No symbol) [0x00007FF74E22AE8B]
	(No symbol) [0x00007FF74E25AB7A]
	(No symbol) [0x00007FF74E22A7C6]
	(No symbol) [0x00007FF74E25AD90]
	(No symbol) [0x00007FF74E27A224]
	(No symbol) [0x00007FF74E25A923]
	(No symbol) [0x00007FF74E228FEC]
	(No symbol) [0x00007FF74E229C21]
	GetHandleVerifier [0x00007FF74E6B41BD+3217949]
	GetHandleVerifier [0x00007FF74E6F6157+3488183]
	GetHandleVerifier [0x00007FF74E6EF0DF+3459391]
	GetHandleVerifier [0x00007FF74E46B8E6+823622]
	(No symbol) [0x00007FF74E335FBF]
	(No symbol) [0x00007FF74E330EE4]
	(No symbol) [0x00007FF74E331072]
	(No symbol) [0x00007FF74E3218C4]
	BaseThreadInitThunk [0x00007FFB3FE67344+20]
	RtlUserThreadStart [0x00007FFB417A26B1+33]
</msg>
<status status="FAIL" starttime="20240604 16:35:21.630" endtime="20240604 16:35:22.958"/>
</kw>
<kw name="Click Element" library="SeleniumLibrary">
<arg>${ACC_DASHBOARD_2}</arg>
<doc>Click the element identified by ``locator``.</doc>
<status status="NOT RUN" starttime="20240604 16:35:22.959" endtime="20240604 16:35:22.959"/>
</kw>
<kw name="Sleep" library="BuiltIn">
<arg>5s</arg>
<doc>Pauses the test executed for the given time.</doc>
<status status="NOT RUN" starttime="20240604 16:35:22.960" endtime="20240604 16:35:22.960"/>
</kw>
<kw name="Wait Until Element Contains" library="SeleniumLibrary">
<arg>${DASHBOARD_TITLE_2}</arg>
<arg>${ACC_DASHBOAD_2}</arg>
<doc>Waits until the element ``locator`` contains ``text``.</doc>
<status status="NOT RUN" starttime="20240604 16:35:22.961" endtime="20240604 16:35:22.961"/>
</kw>
<kw name="Click Element" library="SeleniumLibrary">
<arg>${MYORDER_MENU_2}</arg>
<doc>Click the element identified by ``locator``.</doc>
<status status="NOT RUN" starttime="20240604 16:35:22.961" endtime="20240604 16:35:22.961"/>
</kw>
<kw name="Wait Until Element Contains" library="SeleniumLibrary">
<arg>${MYORDER_TITLE_2}</arg>
<arg>${ACC_ORDER_2}</arg>
<doc>Waits until the element ``locator`` contains ``text``.</doc>
<status status="NOT RUN" starttime="20240604 16:35:22.961" endtime="20240604 16:35:22.961"/>
</kw>
<kw name="Mouse Over" library="SeleniumLibrary">
<arg>${MYORDER_FILTER_STATUS_2}</arg>
<doc>Simulates hovering the mouse over the element ``locator``.</doc>
<status status="NOT RUN" starttime="20240604 16:35:22.962" endtime="20240604 16:35:22.962"/>
</kw>
<kw name="Click Element" library="SeleniumLibrary">
<arg>${MYORDER_FILTER_STATUS_2}</arg>
<doc>Click the element identified by ``locator``.</doc>
<status status="NOT RUN" starttime="20240604 16:35:22.962" endtime="20240604 16:35:22.962"/>
</kw>
<kw name="Click Element" library="SeleniumLibrary">
<arg>${MYORDER_FILTER_DDL_2}</arg>
<doc>Click the element identified by ``locator``.</doc>
<status status="NOT RUN" starttime="20240604 16:35:22.964" endtime="20240604 16:35:22.964"/>
</kw>
<kw name="Mouse Over" library="SeleniumLibrary">
<arg>${MYORDER_APPLY_FILTER_2}</arg>
<doc>Simulates hovering the mouse over the element ``locator``.</doc>
<status status="NOT RUN" starttime="20240604 16:35:22.964" endtime="20240604 16:35:22.964"/>
</kw>
<kw name="Click Element" library="SeleniumLibrary">
<arg>${MYORDER_APPLY_FILTER_2}</arg>
<doc>Click the element identified by ``locator``.</doc>
<status status="NOT RUN" starttime="20240604 16:35:22.965" endtime="20240604 16:35:22.965"/>
</kw>
<kw name="Click Element" library="SeleniumLibrary">
<arg>${MYORDER_FILTER_RESET_2}</arg>
<doc>Click the element identified by ``locator``.</doc>
<status status="NOT RUN" starttime="20240604 16:35:22.965" endtime="20240604 16:35:22.965"/>
</kw>
<kw name="Wait Until Element Is Visible" library="SeleniumLibrary">
<arg>${MYORDER_FILTER_STATUS_2}</arg>
<doc>Waits until the element ``locator`` is visible.</doc>
<status status="NOT RUN" starttime="20240604 16:35:22.966" endtime="20240604 16:35:22.966"/>
</kw>
<kw name="Click Element" library="SeleniumLibrary">
<arg>${PROFILE_BTN_2}</arg>
<doc>Click the element identified by ``locator``.</doc>
<status status="NOT RUN" starttime="20240604 16:35:22.966" endtime="20240604 16:35:22.966"/>
</kw>
<kw name="Click Element" library="SeleniumLibrary">
<arg>${LOGOUT_2}</arg>
<doc>Click the element identified by ``locator``.</doc>
<status status="NOT RUN" starttime="20240604 16:35:22.967" endtime="20240604 16:35:22.967"/>
</kw>
<kw name="Close Browser" library="SeleniumLibrary">
<doc>Closes the current browser.</doc>
<status status="NOT RUN" starttime="20240604 16:35:22.967" endtime="20240604 16:35:22.967"/>
</kw>
<status status="FAIL" starttime="20240604 16:35:08.434" endtime="20240604 16:35:22.968">ElementClickInterceptedException: Message: element click intercepted: Element &lt;em class="js-profile"&gt;&lt;/em&gt; is not clickable at point (1207, 38). Other element would receive the click: &lt;div class="modals-overlay" style="z-index: 901;"&gt;&lt;/div&gt;
  (Session info: chrome=124.0.6367.208)
Stacktrace:
	GetHandleVerifier [0x00007FF74E3B1522+60802]
	(No symbol) [0x00007FF74E32AC22]
	(No symbol) [0x00007FF74E1E7CE4]
	(No symbol) [0x00007FF74E23E877]
	(No symbol) [0x00007FF74E23C344]
	(No symbol) [0x00007FF74E23980A]
	(No symbol) [0x00007FF74E2389E2]
	(No symbol) [0x00007FF74E22AE8B]
	(No symbol) [0x00007FF74E25AB7A]
	(No symbol) [0x00007FF74E22A7C6]
	(No symbol) [0x00007FF74E25AD90]
	(No symbol) [0x00007FF74E27A224]
	(No symbol) [0x00007FF74E25A923]
	(No symbol) [0x00007FF74E228FEC]
	(No symbol) [0x00007FF74E229C21]
	GetHandleVerifier [0x00007FF74E6B41BD+3217949]
	GetHandleVerifier [0x00007FF74E6F6157+3488183]
	GetHandleVerifier [0x00007FF74E6EF0DF+3459391]
	GetHandleVerifier [0x00007FF74E46B8E6+823622]
	(No symbol) [0x00007FF74E335FBF]
	(No symbol) [0x00007FF74E330EE4]
	(No symbol) [0x00007FF74E331072]
	(No symbol) [0x00007FF74E3218C4]
	BaseThreadInitThunk [0x00007FFB3FE67344+20]
	RtlUserThreadStart [0x00007FFB417A26B1+33]
</status>
</test>
<status status="FAIL" starttime="20240604 16:35:08.105" endtime="20240604 16:35:22.973"/>
</suite>
<statistics>
<total>
<stat pass="0" fail="1" skip="0">All Tests</stat>
</total>
<tag>
</tag>
<suite>
<stat pass="0" fail="1" skip="0" id="s1" name="My-Account">My-Account</stat>
</suite>
</statistics>
<errors>
</errors>
</robot>
