<?xml version="1.0" encoding="UTF-8"?>
<robot generator="Robot 4.1.3 (Python 3.12.2 on win32)" generated="20240429 16:58:29.834" rpa="false" schemaversion="2">
<suite id="s1" name="Header-Mini Cart" source="c:\Users\kittiya\Desktop\Nuey_robot_ecom\Misty Mynx\Header-Mini Cart.robot">
<test id="s1-t1" name="Header-Mini Cart_TC_12: To verify guest customer able to add product to Wishlist from shopping bag page.">
<kw name="Open Website" library="keywords">
<kw name="Open Browser" library="SeleniumLibrary">
<arg>${URL}</arg>
<arg>gc</arg>
<doc>Opens a new browser instance to the optional ``url``.</doc>
<msg timestamp="20240429 16:58:30.051" level="INFO">Opening browser 'gc' to base url 'https://mcstaging-2-4.mistymynx.com/'.</msg>
<status status="PASS" starttime="20240429 16:58:30.050" endtime="20240429 16:58:33.708"/>
</kw>
<kw name="Maximize Browser Window" library="SeleniumLibrary">
<doc>Maximizes current browser window.</doc>
<status status="PASS" starttime="20240429 16:58:33.708" endtime="20240429 16:58:33.950"/>
</kw>
<status status="PASS" starttime="20240429 16:58:30.050" endtime="20240429 16:58:33.951"/>
</kw>
<kw name="Accept Cookies" library="keywords">
<kw name="Wait Until Page Contains Element" library="SeleniumLibrary">
<arg>xpath=//div[@role="document"]//p[text()='The MISTY MYNX site uses cookies.']</arg>
<doc>Waits until the element ``locator`` appears on the current page.</doc>
<status status="PASS" starttime="20240429 16:58:33.953" endtime="20240429 16:58:34.191"/>
</kw>
<kw name="Click Element" library="SeleniumLibrary">
<arg>xpath=//button[@class="action allow primary btn btn--primary"]</arg>
<doc>Click the element identified by ``locator``.</doc>
<msg timestamp="20240429 16:58:34.192" level="INFO">Clicking element 'xpath=//button[@class="action allow primary btn btn--primary"]'.</msg>
<status status="PASS" starttime="20240429 16:58:34.191" endtime="20240429 16:58:34.999"/>
</kw>
<kw name="Sleep" library="BuiltIn">
<arg>2s</arg>
<doc>Pauses the test executed for the given time.</doc>
<msg timestamp="20240429 16:58:36.999" level="INFO">Slept 2 seconds</msg>
<status status="PASS" starttime="20240429 16:58:34.999" endtime="20240429 16:58:37.000"/>
</kw>
<status status="PASS" starttime="20240429 16:58:33.952" endtime="20240429 16:58:37.000"/>
</kw>
<kw name="Login" library="keywords">
<arg>bn.nuey.kittiya@gmail.com</arg>
<arg>Bn12345678/</arg>
<kw name="Click Element" library="SeleniumLibrary">
<arg>${LOGIN_ICON}</arg>
<doc>Click the element identified by ``locator``.</doc>
<msg timestamp="20240429 16:58:37.003" level="INFO">Clicking element 'css=#html-body &gt; div.page-wrapper &gt; header &gt; div.container &gt; div &gt; div.page-header__right &gt; div.header-links-wrapper.cps-login.text-center'.</msg>
<status status="PASS" starttime="20240429 16:58:37.003" endtime="20240429 16:58:37.745"/>
</kw>
<kw name="Click Element" library="SeleniumLibrary">
<arg>${LOGIN_MENU}</arg>
<doc>Click the element identified by ``locator``.</doc>
<msg timestamp="20240429 16:58:37.746" level="INFO">Clicking element 'css=#html-body &gt; div.page-wrapper &gt; header &gt; div.container &gt; div &gt; div.page-header__right &gt; div.header-links-wrapper.cps-login.text-center.active &gt; div.header-links-menu.panel.header.arrow_box &gt; ul &gt; li.authorization-link'.</msg>
<status status="PASS" starttime="20240429 16:58:37.745" endtime="20240429 16:58:37.891"/>
</kw>
<kw name="Wait Until Element Contains" library="SeleniumLibrary">
<arg>${LOGIN_POPUP}</arg>
<arg>LOG IN</arg>
<doc>Waits until the element ``locator`` contains ``text``.</doc>
<status status="PASS" starttime="20240429 16:58:37.892" endtime="20240429 16:58:37.993"/>
</kw>
<kw name="Click Element" library="SeleniumLibrary">
<arg>${LOGIN_EMAIL_TEXTBOX}</arg>
<doc>Click the element identified by ``locator``.</doc>
<msg timestamp="20240429 16:58:37.995" level="INFO">Clicking element 'css=#email-login'.</msg>
<status status="PASS" starttime="20240429 16:58:37.994" endtime="20240429 16:58:38.201"/>
</kw>
<kw name="Input Text" library="SeleniumLibrary">
<arg>${LOGIN_EMAIL_TEXTBOX}</arg>
<arg>${LOGIN_EMAIL}</arg>
<doc>Types the given ``text`` into the text field identified by ``locator``.</doc>
<msg timestamp="20240429 16:58:38.203" level="INFO">Typing text 'bn.nuey.kittiya@gmail.com' into text field 'css=#email-login'.</msg>
<status status="PASS" starttime="20240429 16:58:38.201" endtime="20240429 16:58:38.573"/>
</kw>
<kw name="Click Element" library="SeleniumLibrary">
<arg>${LOGIN_PASSWORD_TEXTBOX}</arg>
<doc>Click the element identified by ``locator``.</doc>
<msg timestamp="20240429 16:58:38.573" level="INFO">Clicking element 'css=#pass-login'.</msg>
<status status="PASS" starttime="20240429 16:58:38.573" endtime="20240429 16:58:38.679"/>
</kw>
<kw name="Input Text" library="SeleniumLibrary">
<arg>${LOGIN_PASSWORD_TEXTBOX}</arg>
<arg>${LOGIN_PASSWORD}</arg>
<doc>Types the given ``text`` into the text field identified by ``locator``.</doc>
<msg timestamp="20240429 16:58:38.680" level="INFO">Typing text 'Bn12345678/' into text field 'css=#pass-login'.</msg>
<status status="PASS" starttime="20240429 16:58:38.679" endtime="20240429 16:58:38.752"/>
</kw>
<kw name="Click Element" library="SeleniumLibrary">
<arg>${LOGIN_BUTTON}</arg>
<doc>Click the element identified by ``locator``.</doc>
<msg timestamp="20240429 16:58:38.756" level="INFO">Clicking element 'css=#send2-login'.</msg>
<status status="PASS" starttime="20240429 16:58:38.754" endtime="20240429 16:58:38.833"/>
</kw>
<kw name="Sleep" library="BuiltIn">
<arg>1s</arg>
<doc>Pauses the test executed for the given time.</doc>
<msg timestamp="20240429 16:58:39.833" level="INFO">Slept 1 second</msg>
<status status="PASS" starttime="20240429 16:58:38.833" endtime="20240429 16:58:39.833"/>
</kw>
<kw name="Wait Until Element Is Not Visible" library="SeleniumLibrary">
<arg>${LOGIN_POPUP}</arg>
<doc>Waits until the element ``locator`` is not visible.</doc>
<status status="PASS" starttime="20240429 16:58:39.834" endtime="20240429 16:58:42.382"/>
</kw>
<kw name="Sleep" library="BuiltIn">
<arg>1s</arg>
<doc>Pauses the test executed for the given time.</doc>
<msg timestamp="20240429 16:58:43.383" level="INFO">Slept 1 second</msg>
<status status="PASS" starttime="20240429 16:58:42.382" endtime="20240429 16:58:43.383"/>
</kw>
<status status="PASS" starttime="20240429 16:58:37.001" endtime="20240429 16:58:43.384"/>
</kw>
<kw name="Click Element" library="SeleniumLibrary">
<arg>${HOMEPAGE_SEARCH_PRODUCT_ICON}</arg>
<doc>Click the element identified by ``locator``.</doc>
<msg timestamp="20240429 16:58:43.387" level="INFO">Clicking element 'xpath=//div[@class='desktop-search-btn']'.</msg>
<status status="PASS" starttime="20240429 16:58:43.386" endtime="20240429 16:58:43.519"/>
</kw>
<kw name="Input Text" library="SeleniumLibrary">
<arg>${HOMEPAGE_SEARCH_PRODUCT_FIELD}</arg>
<arg>${PRODUCT_1}</arg>
<doc>Types the given ``text`` into the text field identified by ``locator``.</doc>
<msg timestamp="20240429 16:58:43.526" level="INFO">Typing text 'Mynx Love Tee' into text field 'css=#search'.</msg>
<status status="PASS" starttime="20240429 16:58:43.523" endtime="20240429 16:58:43.635"/>
</kw>
<kw name="Press Keys" library="SeleniumLibrary">
<arg>${HOMEPAGE_SEARCH_PRODUCT_FIELD}</arg>
<arg>ENTER</arg>
<doc>Simulates the user pressing key(s) to an element or on the active browser.</doc>
<msg timestamp="20240429 16:58:43.641" level="INFO">Sending key(s) ('ENTER',) to css=#search element.</msg>
<msg timestamp="20240429 16:58:43.974" level="INFO">Pressing special key ENTER to element.</msg>
<msg timestamp="20240429 16:58:43.974" level="INFO">Releasing special key ENTER.</msg>
<status status="PASS" starttime="20240429 16:58:43.638" endtime="20240429 16:58:44.777"/>
</kw>
<kw name="Sleep" library="BuiltIn">
<arg>2s</arg>
<doc>Pauses the test executed for the given time.</doc>
<msg timestamp="20240429 16:58:46.779" level="INFO">Slept 2 seconds</msg>
<status status="PASS" starttime="20240429 16:58:44.778" endtime="20240429 16:58:46.780"/>
</kw>
<kw name="Click Element" library="SeleniumLibrary">
<arg>${PLP_PRODUCT_1}</arg>
<doc>Click the element identified by ``locator``.</doc>
<msg timestamp="20240429 16:58:46.782" level="INFO">Clicking element 'css=#maincontent &gt; div.columns &gt; div &gt; div.search.results &gt; div.products.wrapper.grid.products-grid &gt; ol &gt; li &gt; div'.</msg>
<status status="PASS" starttime="20240429 16:58:46.781" endtime="20240429 16:58:47.544"/>
</kw>
<kw name="Sleep" library="BuiltIn">
<arg>2s</arg>
<doc>Pauses the test executed for the given time.</doc>
<msg timestamp="20240429 16:58:49.546" level="INFO">Slept 2 seconds</msg>
<status status="PASS" starttime="20240429 16:58:47.545" endtime="20240429 16:58:49.547"/>
</kw>
<kw name="Wait Until Element Contains" library="SeleniumLibrary">
<arg>xpath=//div[@class="crumbName container"]</arg>
<arg>Mynx Love Tee</arg>
<doc>Waits until the element ``locator`` contains ``text``.</doc>
<status status="PASS" starttime="20240429 16:58:49.548" endtime="20240429 16:58:49.584"/>
</kw>
<kw name="Sleep" library="BuiltIn">
<arg>4s</arg>
<doc>Pauses the test executed for the given time.</doc>
<msg timestamp="20240429 16:58:53.585" level="INFO">Slept 4 seconds</msg>
<status status="PASS" starttime="20240429 16:58:49.585" endtime="20240429 16:58:53.585"/>
</kw>
<kw name="Click Element" library="SeleniumLibrary">
<arg>xpath=//button[@id="product-addtocart-button"]</arg>
<doc>Click the element identified by ``locator``.</doc>
<msg timestamp="20240429 16:58:53.589" level="INFO">Clicking element 'xpath=//button[@id="product-addtocart-button"]'.</msg>
<status status="PASS" starttime="20240429 16:58:53.588" endtime="20240429 16:58:53.662"/>
</kw>
<kw name="Wait Until Element Contains" library="SeleniumLibrary">
<arg>xpath=//div[@class="modal-inner-wrap"]//h1[contains(text(),'success')]</arg>
<arg>SUCCESS</arg>
<doc>Waits until the element ``locator`` contains ``text``.</doc>
<status status="PASS" starttime="20240429 16:58:53.663" endtime="20240429 16:58:55.224"/>
</kw>
<kw name="Click Element" library="SeleniumLibrary">
<arg>xpath=//footer[@class="modal-footer"]//button[@class="action-primary action-accept"]</arg>
<doc>Click the element identified by ``locator``.</doc>
<msg timestamp="20240429 16:58:55.233" level="INFO">Clicking element 'xpath=//footer[@class="modal-footer"]//button[@class="action-primary action-accept"]'.</msg>
<status status="PASS" starttime="20240429 16:58:55.231" endtime="20240429 16:58:55.330"/>
</kw>
<kw name="Get Text" library="SeleniumLibrary">
<var>${MINICART_COUNT}</var>
<arg>xpath=//span[@class="counter-label"]</arg>
<doc>Returns the text value of the element identified by ``locator``.</doc>
<msg timestamp="20240429 16:58:55.356" level="INFO">${MINICART_COUNT} = 2</msg>
<status status="PASS" starttime="20240429 16:58:55.333" endtime="20240429 16:58:55.356"/>
</kw>
<kw name="Log To Console" library="BuiltIn">
<arg>Get count on minicart icon: ${MINICART_COUNT}</arg>
<doc>Logs the given message to the console.</doc>
<status status="PASS" starttime="20240429 16:58:55.357" endtime="20240429 16:58:55.358"/>
</kw>
<kw name="Click Element" library="SeleniumLibrary">
<arg>${MINI_CART_ICON}</arg>
<doc>Click the element identified by ``locator``.</doc>
<msg timestamp="20240429 16:58:55.359" level="INFO">Clicking element 'xpath=//div[@data-block="minicart"]'.</msg>
<status status="PASS" starttime="20240429 16:58:55.359" endtime="20240429 16:58:55.489"/>
</kw>
<kw name="Wait Until Page Contains Element" library="SeleniumLibrary">
<arg>${VIEW_MY_BAG_BUTTON}</arg>
<doc>Waits until the element ``locator`` appears on the current page.</doc>
<status status="PASS" starttime="20240429 16:58:55.493" endtime="20240429 16:58:55.509"/>
</kw>
<kw name="Click Element" library="SeleniumLibrary">
<arg>${VIEW_MY_BAG_BUTTON}</arg>
<doc>Click the element identified by ``locator``.</doc>
<msg timestamp="20240429 16:58:55.509" level="INFO">Clicking element 'css=#minicart-content-wrapper &gt; div.block-content &gt; div.actions.cart-btn-group &gt; div.secondary &gt; a &gt; button'.</msg>
<status status="PASS" starttime="20240429 16:58:55.509" endtime="20240429 16:58:59.401"/>
</kw>
<kw name="Wait Until Page Contains" library="SeleniumLibrary">
<arg>My Bag</arg>
<doc>Waits until ``text`` appears on the current page.</doc>
<status status="PASS" starttime="20240429 16:58:59.402" endtime="20240429 16:58:59.462"/>
</kw>
<kw name="Wait Until Page Contains Element" library="SeleniumLibrary">
<arg>${VIEW_MY_BAG_FREE_GIFT_POPUP}</arg>
<doc>Waits until the element ``locator`` appears on the current page.</doc>
<status status="PASS" starttime="20240429 16:58:59.464" endtime="20240429 16:58:59.523"/>
</kw>
<kw name="Sleep" library="BuiltIn">
<arg>5s</arg>
<doc>Pauses the test executed for the given time.</doc>
<msg timestamp="20240429 16:59:04.528" level="INFO">Slept 5 seconds</msg>
<status status="PASS" starttime="20240429 16:58:59.526" endtime="20240429 16:59:04.528"/>
</kw>
<kw name="Click Element" library="SeleniumLibrary">
<arg>${VIEW_MY_BAG_FREE_GIFT_POPUP_CLOSE}</arg>
<doc>Click the element identified by ``locator``.</doc>
<msg timestamp="20240429 16:59:04.530" level="INFO">Clicking element 'xpath=//div[@data-role="ampromo-popup-hide"]'.</msg>
<status status="PASS" starttime="20240429 16:59:04.529" endtime="20240429 16:59:04.593"/>
</kw>
<kw name="Wait Until Element Is Not Visible" library="SeleniumLibrary">
<arg>${VIEW_MY_BAG_FREE_GIFT_POPUP}</arg>
<doc>Waits until the element ``locator`` is not visible.</doc>
<status status="PASS" starttime="20240429 16:59:04.594" endtime="20240429 16:59:04.631"/>
</kw>
<kw name="Wait Until Page Contains Element" library="SeleniumLibrary">
<arg>${VIEW_MY_BAG_PRODUCT_ITEM_DETAIL_MOVE_TO_WISTLIST_REGISER_USER}</arg>
<doc>Waits until the element ``locator`` appears on the current page.</doc>
<status status="PASS" starttime="20240429 16:59:04.632" endtime="20240429 16:59:04.651"/>
</kw>
<kw name="Click Element" library="SeleniumLibrary">
<arg>${VIEW_MY_BAG_PRODUCT_ITEM_DETAIL_MOVE_TO_WISTLIST_REGISER_USER}</arg>
<doc>Click the element identified by ``locator``.</doc>
<msg timestamp="20240429 16:59:04.652" level="INFO">Clicking element 'xpath=//div[@class="primary"]//div[@class="split button wishlist"]//button[@data-action="add-to-wishlist"]'.</msg>
<msg timestamp="20240429 16:59:04.819" level="INFO" html="true">&lt;/td&gt;&lt;/tr&gt;&lt;tr&gt;&lt;td colspan="3"&gt;&lt;a href="selenium-screenshot-5.png"&gt;&lt;img src="selenium-screenshot-5.png" width="800px"&gt;&lt;/a&gt;</msg>
<msg timestamp="20240429 16:59:04.831" level="FAIL">ElementNotInteractableException: Message: element not interactable
  (Session info: chrome=124.0.6367.63)
Stacktrace:
	GetHandleVerifier [0x00007FF71A2B1502+60802]
	(No symbol) [0x00007FF71A22AC02]
	(No symbol) [0x00007FF71A0E7B13]
	(No symbol) [0x00007FF71A138052]
	(No symbol) [0x00007FF71A12AE8B]
	(No symbol) [0x00007FF71A15AB7A]
	(No symbol) [0x00007FF71A12A7C6]
	(No symbol) [0x00007FF71A15AD90]
	(No symbol) [0x00007FF71A17A224]
	(No symbol) [0x00007FF71A15A923]
	(No symbol) [0x00007FF71A128FEC]
	(No symbol) [0x00007FF71A129C21]
	GetHandleVerifier [0x00007FF71A5B411D+3217821]
	GetHandleVerifier [0x00007FF71A5F60B7+3488055]
	GetHandleVerifier [0x00007FF71A5EF03F+3459263]
	GetHandleVerifier [0x00007FF71A36B846+823494]
	(No symbol) [0x00007FF71A235F9F]
	(No symbol) [0x00007FF71A230EC4]
	(No symbol) [0x00007FF71A231052]
	(No symbol) [0x00007FF71A2218A4]
	BaseThreadInitThunk [0x00007FFFAD897344+20]
	RtlUserThreadStart [0x00007FFFADC426B1+33]
</msg>
<status status="FAIL" starttime="20240429 16:59:04.651" endtime="20240429 16:59:04.832"/>
</kw>
<kw name="Wait Until Page Contains Element" library="SeleniumLibrary">
<arg>${VIEW_MY_BAG_PRODUCT_ITEM_DETAIL_MOVE_TO_WISTLIST_REGISER_USER_SUCCESS_POPUP}</arg>
<doc>Waits until the element ``locator`` appears on the current page.</doc>
<status status="NOT RUN" starttime="20240429 16:59:04.833" endtime="20240429 16:59:04.833"/>
</kw>
<kw name="Wait Until Page Contains Element" library="SeleniumLibrary">
<arg>${VIEW_MY_BAG_PRODUCT_ITEM_DETAIL_MOVE_TO_WISTLIST_REGISER_USER_SUCCESS_MASSAGE}</arg>
<doc>Waits until the element ``locator`` appears on the current page.</doc>
<status status="NOT RUN" starttime="20240429 16:59:04.834" endtime="20240429 16:59:04.834"/>
</kw>
<kw name="Get Text" library="SeleniumLibrary">
<arg>${VIEW_MY_BAG_PRODUCT_ITEM_DETAIL_MOVE_TO_WISTLIST_REGISER_USER_SUCCESS_MASSAGE}</arg>
<doc>Returns the text value of the element identified by ``locator``.</doc>
<status status="NOT RUN" starttime="20240429 16:59:04.835" endtime="20240429 16:59:04.835"/>
</kw>
<kw name="Click Element" library="SeleniumLibrary">
<arg>${VIEW_MY_BAG_PRODUCT_ITEM_DETAIL_MOVE_TO_WISTLIST_REGISER_USER_SUCCESS_POPUP_OK_BUTTON}</arg>
<doc>Click the element identified by ``locator``.</doc>
<status status="NOT RUN" starttime="20240429 16:59:04.835" endtime="20240429 16:59:04.835"/>
</kw>
<kw name="Wait Until Element Is Not Visible" library="SeleniumLibrary">
<arg>${VIEW_MY_BAG_PRODUCT_ITEM_DETAIL_MOVE_TO_WISTLIST_REGISER_USER_SUCCESS_POPUP}</arg>
<doc>Waits until the element ``locator`` is not visible.</doc>
<status status="NOT RUN" starttime="20240429 16:59:04.836" endtime="20240429 16:59:04.836"/>
</kw>
<kw name="Logout" library="keywords">
<status status="NOT RUN" starttime="20240429 16:59:04.839" endtime="20240429 16:59:04.840"/>
</kw>
<kw name="Delete All Cookies" library="SeleniumLibrary">
<doc>Deletes all cookies.</doc>
<status status="NOT RUN" starttime="20240429 16:59:04.842" endtime="20240429 16:59:04.842"/>
</kw>
<kw name="Close Browser" library="SeleniumLibrary">
<doc>Closes the current browser.</doc>
<status status="NOT RUN" starttime="20240429 16:59:04.843" endtime="20240429 16:59:04.844"/>
</kw>
<status status="FAIL" starttime="20240429 16:58:30.049" endtime="20240429 16:59:04.844">ElementNotInteractableException: Message: element not interactable
  (Session info: chrome=124.0.6367.63)
Stacktrace:
	GetHandleVerifier [0x00007FF71A2B1502+60802]
	(No symbol) [0x00007FF71A22AC02]
	(No symbol) [0x00007FF71A0E7B13]
	(No symbol) [0x00007FF71A138052]
	(No symbol) [0x00007FF71A12AE8B]
	(No symbol) [0x00007FF71A15AB7A]
	(No symbol) [0x00007FF71A12A7C6]
	(No symbol) [0x00007FF71A15AD90]
	(No symbol) [0x00007FF71A17A224]
	(No symbol) [0x00007FF71A15A923]
	(No symbol) [0x00007FF71A128FEC]
	(No symbol) [0x00007FF71A129C21]
	GetHandleVerifier [0x00007FF71A5B411D+3217821]
	GetHandleVerifier [0x00007FF71A5F60B7+3488055]
	GetHandleVerifier [0x00007FF71A5EF03F+3459263]
	GetHandleVerifier [0x00007FF71A36B846+823494]
	(No symbol) [0x00007FF71A235F9F]
	(No symbol) [0x00007FF71A230EC4]
	(No symbol) [0x00007FF71A231052]
	(No symbol) [0x00007FF71A2218A4]
	BaseThreadInitThunk [0x00007FFFAD897344+20]
	RtlUserThreadStart [0x00007FFFADC426B1+33]
</status>
</test>
<status status="FAIL" starttime="20240429 16:58:29.843" endtime="20240429 16:59:04.847"/>
</suite>
<statistics>
<total>
<stat pass="0" fail="1" skip="0">All Tests</stat>
</total>
<tag>
</tag>
<suite>
<stat pass="0" fail="1" skip="0" id="s1" name="Header-Mini Cart">Header-Mini Cart</stat>
</suite>
</statistics>
<errors>
</errors>
</robot>
