<?xml version="1.0" encoding="UTF-8"?>
<robot generator="Robot 4.1.3 (Python 3.12.2 on win32)" generated="20240619 16:43:26.409" rpa="false" schemaversion="2">
<suite id="s1" name="Payment and Order CF" source="c:\Users\kittiya\Desktop\Nuey_robot_ecom\Misty Mynx\Payment and Order CF.robot">
<test id="s1-t1" name="Payment and Order CF_TC_8: To verfiy registerd customer is able to see checkout page">
<kw name="Open Website" library="keywords">
<kw name="Open Browser" library="SeleniumLibrary">
<arg>${URL}</arg>
<arg>gc</arg>
<doc>Opens a new browser instance to the optional ``url``.</doc>
<msg timestamp="20240619 16:43:26.794" level="INFO">Opening browser 'gc' to base url 'https://mcstaging-2-4.mistymynx.com/'.</msg>
<status status="PASS" starttime="20240619 16:43:26.793" endtime="20240619 16:43:31.793"/>
</kw>
<kw name="Maximize Browser Window" library="SeleniumLibrary">
<doc>Maximizes current browser window.</doc>
<status status="PASS" starttime="20240619 16:43:31.794" endtime="20240619 16:43:31.917"/>
</kw>
<status status="PASS" starttime="20240619 16:43:26.793" endtime="20240619 16:43:31.917"/>
</kw>
<kw name="Accept Cookies" library="keywords">
<kw name="Wait Until Page Contains Element" library="SeleniumLibrary">
<arg>xpath=//div[@role="document"]//p[text()='The MISTY MYNX site uses cookies.']</arg>
<doc>Waits until the element ``locator`` appears on the current page.</doc>
<status status="PASS" starttime="20240619 16:43:31.919" endtime="20240619 16:43:32.117"/>
</kw>
<kw name="Click Element" library="SeleniumLibrary">
<arg>xpath=//button[@class="action allow primary btn btn--primary"]</arg>
<doc>Click the element identified by ``locator``.</doc>
<msg timestamp="20240619 16:43:32.118" level="INFO">Clicking element 'xpath=//button[@class="action allow primary btn btn--primary"]'.</msg>
<status status="PASS" starttime="20240619 16:43:32.117" endtime="20240619 16:43:32.908"/>
</kw>
<kw name="Sleep" library="BuiltIn">
<arg>2s</arg>
<doc>Pauses the test executed for the given time.</doc>
<msg timestamp="20240619 16:43:34.910" level="INFO">Slept 2 seconds</msg>
<status status="PASS" starttime="20240619 16:43:32.908" endtime="20240619 16:43:34.910"/>
</kw>
<status status="PASS" starttime="20240619 16:43:31.918" endtime="20240619 16:43:34.910"/>
</kw>
<kw name="Login" library="keywords">
<arg>${LOGIN_EMAIL_EXISTING_CUSTOMER}</arg>
<arg>${LOGIN_PASSWORD_EXISTING_CUSTOMER}</arg>
<kw name="Click Element" library="SeleniumLibrary">
<arg>${LOGIN_ICON}</arg>
<doc>Click the element identified by ``locator``.</doc>
<msg timestamp="20240619 16:43:34.913" level="INFO">Clicking element 'css=#html-body &gt; div.page-wrapper &gt; header &gt; div.container &gt; div &gt; div.page-header__right &gt; div.header-links-wrapper.cps-login.text-center'.</msg>
<status status="PASS" starttime="20240619 16:43:34.912" endtime="20240619 16:43:35.451"/>
</kw>
<kw name="Click Element" library="SeleniumLibrary">
<arg>${LOGIN_MENU}</arg>
<doc>Click the element identified by ``locator``.</doc>
<msg timestamp="20240619 16:43:35.451" level="INFO">Clicking element 'css=#html-body &gt; div.page-wrapper &gt; header &gt; div.container &gt; div &gt; div.page-header__right &gt; div.header-links-wrapper.cps-login.text-center.active &gt; div.header-links-menu.panel.header.arrow_box &gt; ul &gt; li.authorization-link'.</msg>
<status status="PASS" starttime="20240619 16:43:35.451" endtime="20240619 16:43:35.589"/>
</kw>
<kw name="Wait Until Element Contains" library="SeleniumLibrary">
<arg>${LOGIN_POPUP}</arg>
<arg>${LOGIN_POPUP_TEXT}</arg>
<doc>Waits until the element ``locator`` contains ``text``.</doc>
<status status="PASS" starttime="20240619 16:43:35.590" endtime="20240619 16:43:35.658"/>
</kw>
<kw name="Click Element" library="SeleniumLibrary">
<arg>${LOGIN_EMAIL_TEXTBOX}</arg>
<doc>Click the element identified by ``locator``.</doc>
<msg timestamp="20240619 16:43:35.659" level="INFO">Clicking element 'css=#email-login'.</msg>
<status status="PASS" starttime="20240619 16:43:35.658" endtime="20240619 16:43:35.785"/>
</kw>
<kw name="Input Text" library="SeleniumLibrary">
<arg>${LOGIN_EMAIL_TEXTBOX}</arg>
<arg>${LOGIN_EMAIL}</arg>
<doc>Types the given ``text`` into the text field identified by ``locator``.</doc>
<msg timestamp="20240619 16:43:35.785" level="INFO">Typing text 'bn.nuey.kittiya@gmail.com' into text field 'css=#email-login'.</msg>
<status status="PASS" starttime="20240619 16:43:35.785" endtime="20240619 16:43:36.048"/>
</kw>
<kw name="Click Element" library="SeleniumLibrary">
<arg>${LOGIN_PASSWORD_TEXTBOX}</arg>
<doc>Click the element identified by ``locator``.</doc>
<msg timestamp="20240619 16:43:36.050" level="INFO">Clicking element 'css=#pass-login'.</msg>
<status status="PASS" starttime="20240619 16:43:36.049" endtime="20240619 16:43:36.217"/>
</kw>
<kw name="Input Text" library="SeleniumLibrary">
<arg>${LOGIN_PASSWORD_TEXTBOX}</arg>
<arg>${LOGIN_PASSWORD}</arg>
<doc>Types the given ``text`` into the text field identified by ``locator``.</doc>
<msg timestamp="20240619 16:43:36.217" level="INFO">Typing text 'Bn12345678/' into text field 'css=#pass-login'.</msg>
<status status="PASS" starttime="20240619 16:43:36.217" endtime="20240619 16:43:36.285"/>
</kw>
<kw name="Click Element" library="SeleniumLibrary">
<arg>${LOGIN_BUTTON}</arg>
<doc>Click the element identified by ``locator``.</doc>
<msg timestamp="20240619 16:43:36.286" level="INFO">Clicking element 'css=#send2-login'.</msg>
<status status="PASS" starttime="20240619 16:43:36.286" endtime="20240619 16:43:36.363"/>
</kw>
<kw name="Sleep" library="BuiltIn">
<arg>1s</arg>
<doc>Pauses the test executed for the given time.</doc>
<msg timestamp="20240619 16:43:37.366" level="INFO">Slept 1 second</msg>
<status status="PASS" starttime="20240619 16:43:36.365" endtime="20240619 16:43:37.366"/>
</kw>
<kw name="Wait Until Element Is Not Visible" library="SeleniumLibrary">
<arg>${LOGIN_POPUP}</arg>
<doc>Waits until the element ``locator`` is not visible.</doc>
<status status="PASS" starttime="20240619 16:43:37.367" endtime="20240619 16:43:39.794"/>
</kw>
<kw name="Sleep" library="BuiltIn">
<arg>1s</arg>
<doc>Pauses the test executed for the given time.</doc>
<msg timestamp="20240619 16:43:40.795" level="INFO">Slept 1 second</msg>
<status status="PASS" starttime="20240619 16:43:39.795" endtime="20240619 16:43:40.796"/>
</kw>
<status status="PASS" starttime="20240619 16:43:34.911" endtime="20240619 16:43:40.796"/>
</kw>
<kw name="Wait Until Element Is Not Visible" library="SeleniumLibrary">
<arg>${LOGIN_POPUP}</arg>
<doc>Waits until the element ``locator`` is not visible.</doc>
<status status="PASS" starttime="20240619 16:43:40.797" endtime="20240619 16:43:40.903"/>
</kw>
<kw name="Click Element" library="SeleniumLibrary">
<arg>${HOMEPAGE_SEARCH_PRODUCT_ICON}</arg>
<doc>Click the element identified by ``locator``.</doc>
<msg timestamp="20240619 16:43:40.905" level="INFO">Clicking element 'xpath=//div[@class='desktop-search-btn']'.</msg>
<status status="PASS" starttime="20240619 16:43:40.903" endtime="20240619 16:43:41.046"/>
</kw>
<kw name="Input Text" library="SeleniumLibrary">
<arg>${HOMEPAGE_SEARCH_PRODUCT_FIELD}</arg>
<arg>${PRODUCT_1}</arg>
<doc>Types the given ``text`` into the text field identified by ``locator``.</doc>
<msg timestamp="20240619 16:43:41.047" level="INFO">Typing text 'Mynx Love Tee' into text field 'css=#search'.</msg>
<status status="PASS" starttime="20240619 16:43:41.047" endtime="20240619 16:43:41.159"/>
</kw>
<kw name="Press Keys" library="SeleniumLibrary">
<arg>${HOMEPAGE_SEARCH_PRODUCT_FIELD}</arg>
<arg>${KEYBOARD_BUTTON_ENTER}</arg>
<doc>Simulates the user pressing key(s) to an element or on the active browser.</doc>
<msg timestamp="20240619 16:43:41.162" level="INFO">Sending key(s) ('ENTER',) to css=#search element.</msg>
<msg timestamp="20240619 16:43:41.476" level="INFO">Pressing special key ENTER to element.</msg>
<msg timestamp="20240619 16:43:41.476" level="INFO">Releasing special key ENTER.</msg>
<status status="PASS" starttime="20240619 16:43:41.161" endtime="20240619 16:43:42.467"/>
</kw>
<kw name="Sleep" library="BuiltIn">
<arg>2s</arg>
<doc>Pauses the test executed for the given time.</doc>
<msg timestamp="20240619 16:43:44.469" level="INFO">Slept 2 seconds</msg>
<status status="PASS" starttime="20240619 16:43:42.468" endtime="20240619 16:43:44.469"/>
</kw>
<kw name="Click Element" library="SeleniumLibrary">
<arg>${PLP_PRODUCT_1}</arg>
<doc>Click the element identified by ``locator``.</doc>
<msg timestamp="20240619 16:43:44.473" level="INFO">Clicking element 'css=#maincontent &gt; div.columns &gt; div &gt; div.search.results &gt; div.products.wrapper.grid.products-grid &gt; ol &gt; li &gt; div'.</msg>
<status status="PASS" starttime="20240619 16:43:44.472" endtime="20240619 16:43:45.489"/>
</kw>
<kw name="Sleep" library="BuiltIn">
<arg>2s</arg>
<doc>Pauses the test executed for the given time.</doc>
<msg timestamp="20240619 16:43:47.498" level="INFO">Slept 2 seconds</msg>
<status status="PASS" starttime="20240619 16:43:45.496" endtime="20240619 16:43:47.498"/>
</kw>
<kw name="Wait Until Element Contains" library="SeleniumLibrary">
<arg>${PDP_BREADCRUMBS_ITEMLIST}</arg>
<arg>${PRODUCT_1}</arg>
<doc>Waits until the element ``locator`` contains ``text``.</doc>
<status status="PASS" starttime="20240619 16:43:47.499" endtime="20240619 16:43:47.520"/>
</kw>
<kw name="Execute Javascript" library="SeleniumLibrary">
<arg>window.scrollTo(0,3200)</arg>
<doc>Executes the given JavaScript code with possible arguments.</doc>
<msg timestamp="20240619 16:43:47.521" level="INFO">Executing JavaScript:
window.scrollTo(0,3200)
Without any arguments.</msg>
<status status="PASS" starttime="20240619 16:43:47.520" endtime="20240619 16:43:47.596"/>
</kw>
<kw name="Sleep" library="BuiltIn">
<arg>4s</arg>
<doc>Pauses the test executed for the given time.</doc>
<msg timestamp="20240619 16:43:51.597" level="INFO">Slept 4 seconds</msg>
<status status="PASS" starttime="20240619 16:43:47.596" endtime="20240619 16:43:51.597"/>
</kw>
<kw name="Click Element" library="SeleniumLibrary">
<arg>${PDP_ADD_TO_CART_BUTTON}</arg>
<doc>Click the element identified by ``locator``.</doc>
<msg timestamp="20240619 16:43:51.599" level="INFO">Clicking element 'xpath=//button[@id="product-addtocart-button"]'.</msg>
<status status="PASS" starttime="20240619 16:43:51.598" endtime="20240619 16:43:51.684"/>
</kw>
<kw name="Wait Until Element Contains" library="SeleniumLibrary">
<arg>${PDP_ADD_TO_CART_SUCCESS_POPUP}</arg>
<arg>${SUCCESS_TEXT}</arg>
<doc>Waits until the element ``locator`` contains ``text``.</doc>
<status status="PASS" starttime="20240619 16:43:51.685" endtime="20240619 16:43:53.071"/>
</kw>
<kw name="Click Element" library="SeleniumLibrary">
<arg>${PDP_ADD_TO_CART_SUCCESS_POPUP_OK_BUTTON}</arg>
<doc>Click the element identified by ``locator``.</doc>
<msg timestamp="20240619 16:43:53.073" level="INFO">Clicking element 'xpath=//footer[@class="modal-footer"]//button[@class="action-primary action-accept"]'.</msg>
<status status="PASS" starttime="20240619 16:43:53.072" endtime="20240619 16:43:53.171"/>
</kw>
<kw name="Get Text" library="SeleniumLibrary">
<var>${MINICART_COUNT}</var>
<arg>${MINI_CART_COUNTER_LABEL}</arg>
<doc>Returns the text value of the element identified by ``locator``.</doc>
<msg timestamp="20240619 16:43:53.262" level="INFO">${MINICART_COUNT} = 1</msg>
<status status="PASS" starttime="20240619 16:43:53.172" endtime="20240619 16:43:53.262"/>
</kw>
<kw name="Log To Console" library="BuiltIn">
<arg>Get count on minicart icon = ${MINICART_COUNT}</arg>
<doc>Logs the given message to the console.</doc>
<status status="PASS" starttime="20240619 16:43:53.263" endtime="20240619 16:43:53.263"/>
</kw>
<kw name="Sleep" library="BuiltIn">
<arg>1s</arg>
<doc>Pauses the test executed for the given time.</doc>
<msg timestamp="20240619 16:43:54.264" level="INFO">Slept 1 second</msg>
<status status="PASS" starttime="20240619 16:43:53.263" endtime="20240619 16:43:54.264"/>
</kw>
<kw name="Click Element" library="SeleniumLibrary">
<arg>${MINI_CART_ICON}</arg>
<doc>Click the element identified by ``locator``.</doc>
<msg timestamp="20240619 16:43:54.267" level="INFO">Clicking element 'xpath=//div[@data-block="minicart"]'.</msg>
<status status="PASS" starttime="20240619 16:43:54.266" endtime="20240619 16:43:54.365"/>
</kw>
<kw name="Wait Until Element Contains" library="SeleniumLibrary">
<arg>${MINI_CART_CHECKOUT_BUTTON}</arg>
<arg>${MINI_CART_CHECKOUT_BUTTON_TEXT}</arg>
<doc>Waits until the element ``locator`` contains ``text``.</doc>
<status status="PASS" starttime="20240619 16:43:54.366" endtime="20240619 16:43:54.397"/>
</kw>
<kw name="Click Element" library="SeleniumLibrary">
<arg>${MINI_CART_CHECKOUT_BUTTON}</arg>
<doc>Click the element identified by ``locator``.</doc>
<msg timestamp="20240619 16:43:54.398" level="INFO">Clicking element 'xpath=//button[@id="top-cart-btn-checkout"]'.</msg>
<status status="PASS" starttime="20240619 16:43:54.398" endtime="20240619 16:43:58.376"/>
</kw>
<kw name="Sleep" library="BuiltIn">
<arg>8s</arg>
<doc>Pauses the test executed for the given time.</doc>
<msg timestamp="20240619 16:44:06.378" level="INFO">Slept 8 seconds</msg>
<status status="PASS" starttime="20240619 16:43:58.377" endtime="20240619 16:44:06.378"/>
</kw>
<kw name="Run Keyword And Return Status" library="BuiltIn">
<var>${LANDING_PAGE}</var>
<arg>Page Should Contain</arg>
<arg>${REVIEW_ORDER_TEXT}</arg>
<doc>Runs the given keyword with given arguments and returns the status as a Boolean value.</doc>
<kw name="Page Should Contain" library="SeleniumLibrary">
<arg>${REVIEW_ORDER_TEXT}</arg>
<doc>Verifies that current page contains ``text``.</doc>
<msg timestamp="20240619 16:44:06.828" level="INFO" html="true">&lt;/td&gt;&lt;/tr&gt;&lt;tr&gt;&lt;td colspan="3"&gt;&lt;a href="selenium-screenshot-208.png"&gt;&lt;img src="selenium-screenshot-208.png" width="800px"&gt;&lt;/a&gt;</msg>
<msg timestamp="20240619 16:44:06.832" level="FAIL">Page should have contained text 'Review Order' but did not.</msg>
<status status="FAIL" starttime="20240619 16:44:06.381" endtime="20240619 16:44:06.832"/>
</kw>
<msg timestamp="20240619 16:44:06.833" level="INFO">${LANDING_PAGE} = False</msg>
<status status="PASS" starttime="20240619 16:44:06.379" endtime="20240619 16:44:06.833"/>
</kw>
<kw name="Sleep" library="BuiltIn">
<arg>3s</arg>
<doc>Pauses the test executed for the given time.</doc>
<msg timestamp="20240619 16:44:09.834" level="INFO">Slept 3 seconds</msg>
<status status="PASS" starttime="20240619 16:44:06.833" endtime="20240619 16:44:09.834"/>
</kw>
<if>
<branch type="IF" condition="'${LANDING_PAGE}'=='${REVIEW_ORDER_TEXT}'">
<kw name="Click Element" library="SeleniumLibrary">
<arg>${REVIEW_ORDER_SHIPPING_EDIT_BUTTON}</arg>
<doc>Click the element identified by ``locator``.</doc>
<status status="NOT RUN" starttime="20240619 16:44:09.836" endtime="20240619 16:44:09.836"/>
</kw>
<status status="NOT RUN" starttime="20240619 16:44:09.835" endtime="20240619 16:44:09.836"/>
</branch>
<branch type="ELSE">
<kw name="Wait Until Page Contains" library="SeleniumLibrary">
<arg>${SHIPPING_INFORMATION_TEXT}</arg>
<doc>Waits until ``text`` appears on the current page.</doc>
<status status="PASS" starttime="20240619 16:44:09.836" endtime="20240619 16:44:09.873"/>
</kw>
<status status="PASS" starttime="20240619 16:44:09.836" endtime="20240619 16:44:09.873"/>
</branch>
<status status="PASS" starttime="20240619 16:44:09.835" endtime="20240619 16:44:09.873"/>
</if>
<kw name="Execute Javascript" library="SeleniumLibrary">
<arg>window.scrollTo(0,0)</arg>
<doc>Executes the given JavaScript code with possible arguments.</doc>
<msg timestamp="20240619 16:44:09.875" level="INFO">Executing JavaScript:
window.scrollTo(0,0)
Without any arguments.</msg>
<status status="PASS" starttime="20240619 16:44:09.874" endtime="20240619 16:44:09.895"/>
</kw>
<kw name="Wait Until Element Contains" library="SeleniumLibrary">
<arg>${SHIPPING_ORDER_INFORMATION_SECTION}</arg>
<arg>${SHIPPING_ORDER_INFORMATION_SECTION_TEXT}</arg>
<doc>Waits until the element ``locator`` contains ``text``.</doc>
<status status="PASS" starttime="20240619 16:44:09.896" endtime="20240619 16:44:09.944"/>
</kw>
<kw name="Click Element" library="SeleniumLibrary">
<arg>${SHIPPING_PROCEED_TO_PAYMENT_BUTTON}</arg>
<doc>Click the element identified by ``locator``.</doc>
<msg timestamp="20240619 16:44:09.946" level="INFO">Clicking element 'xpath=//button[@data-bind="click: processToPayment"]'.</msg>
<status status="PASS" starttime="20240619 16:44:09.945" endtime="20240619 16:44:10.051"/>
</kw>
<kw name="Sleep" library="BuiltIn">
<arg>3s</arg>
<doc>Pauses the test executed for the given time.</doc>
<msg timestamp="20240619 16:44:13.055" level="INFO">Slept 3 seconds</msg>
<status status="PASS" starttime="20240619 16:44:10.052" endtime="20240619 16:44:13.055"/>
</kw>
<kw name="Wait Until Page Contains" library="SeleniumLibrary">
<arg>${PAYMENT_SELECT_PAYMENT_METHOD_TEXT}</arg>
<doc>Waits until ``text`` appears on the current page.</doc>
<status status="PASS" starttime="20240619 16:44:13.058" endtime="20240619 16:44:13.096"/>
</kw>
<kw name="Sleep" library="BuiltIn">
<arg>2s</arg>
<doc>Pauses the test executed for the given time.</doc>
<msg timestamp="20240619 16:44:15.097" level="INFO">Slept 2 seconds</msg>
<status status="PASS" starttime="20240619 16:44:13.097" endtime="20240619 16:44:15.099"/>
</kw>
<kw name="Click Element" library="SeleniumLibrary">
<arg>${PAYMENT_METHOD_COD}</arg>
<doc>Click the element identified by ``locator``.</doc>
<msg timestamp="20240619 16:44:15.101" level="INFO">Clicking element 'xpath=//div[@id="checkout-payment-method-load"]//div[@class="items payment-methods"]//div[@class="payment-group"]//div[@class="payment-method-title field choice"]//label[@for="cashondelivery"]'.</msg>
<status status="PASS" starttime="20240619 16:44:15.100" endtime="20240619 16:44:15.287"/>
</kw>
<kw name="Sleep" library="BuiltIn">
<arg>2s</arg>
<doc>Pauses the test executed for the given time.</doc>
<msg timestamp="20240619 16:44:17.290" level="INFO">Slept 2 seconds</msg>
<status status="PASS" starttime="20240619 16:44:15.289" endtime="20240619 16:44:17.290"/>
</kw>
<kw name="Click Element" library="SeleniumLibrary">
<arg>${PAYMENT_PROCEED_TO_REVIEW_BUTTON}</arg>
<doc>Click the element identified by ``locator``.</doc>
<msg timestamp="20240619 16:44:17.293" level="INFO">Clicking element 'xpath=//button[@class="button action primary"]'.</msg>
<status status="PASS" starttime="20240619 16:44:17.292" endtime="20240619 16:44:17.561"/>
</kw>
<kw name="Wait Until Page Contains" library="SeleniumLibrary">
<arg>${REVIEW_ORDER_TEXT}</arg>
<doc>Waits until ``text`` appears on the current page.</doc>
<status status="PASS" starttime="20240619 16:44:17.562" endtime="20240619 16:44:17.619"/>
</kw>
<kw name="Wait Until Element Contains" library="SeleniumLibrary">
<arg>${REVIEW_ORDER_SHIPPING_SECTION}</arg>
<arg>${REVIEW_ORDER_SHIPPING_TEXT}</arg>
<doc>Waits until the element ``locator`` contains ``text``.</doc>
<status status="PASS" starttime="20240619 16:44:17.620" endtime="20240619 16:44:17.686"/>
</kw>
<kw name="Wait Until Element Contains" library="SeleniumLibrary">
<arg>${REVIEW_ORDER_PAYMENT_SECTION}</arg>
<arg>${REVIEW_ORDER_PAYMENT_TEXT}</arg>
<doc>Waits until the element ``locator`` contains ``text``.</doc>
<status status="PASS" starttime="20240619 16:44:17.687" endtime="20240619 16:44:17.721"/>
</kw>
<kw name="Wait Until Element Contains" library="SeleniumLibrary">
<arg>${REVIEW_ORDER_ITEM_LIST_SECTION}</arg>
<arg>${REVIEW_ORDER_ITEM_LIST_TEXT}</arg>
<doc>Waits until the element ``locator`` contains ``text``.</doc>
<status status="PASS" starttime="20240619 16:44:17.722" endtime="20240619 16:44:17.752"/>
</kw>
<kw name="Click Element" library="SeleniumLibrary">
<arg>${REVIEW_ORDER_PLACE_ORDER}</arg>
<doc>Click the element identified by ``locator``.</doc>
<msg timestamp="20240619 16:44:17.753" level="INFO">Clicking element 'xpath=//button[@data-bind="click: placeOrder"]'.</msg>
<status status="PASS" starttime="20240619 16:44:17.752" endtime="20240619 16:44:17.949"/>
</kw>
<kw name="Sleep" library="BuiltIn">
<arg>2s</arg>
<doc>Pauses the test executed for the given time.</doc>
<msg timestamp="20240619 16:44:19.952" level="INFO">Slept 2 seconds</msg>
<status status="PASS" starttime="20240619 16:44:17.951" endtime="20240619 16:44:19.952"/>
</kw>
<kw name="Wait Until Element Contains" library="SeleniumLibrary">
<arg>${THANKYOU_SHIPPING_SECTION}</arg>
<arg>${THANKYOU_SHIPPING_TEXT}</arg>
<doc>Waits until the element ``locator`` contains ``text``.</doc>
<status status="PASS" starttime="20240619 16:44:19.953" endtime="20240619 16:44:23.738"/>
</kw>
<kw name="Wait Until Element Contains" library="SeleniumLibrary">
<arg>${THANKYOU_PAYMENT_SECTION}</arg>
<arg>${THANKYOU_PAYMENT_TEXT}</arg>
<doc>Waits until the element ``locator`` contains ``text``.</doc>
<status status="PASS" starttime="20240619 16:44:23.739" endtime="20240619 16:44:23.801"/>
</kw>
<kw name="Wait Until Element Contains" library="SeleniumLibrary">
<arg>${THANKYOU_ITEM_LIST_SECTION}</arg>
<arg>${THANKYOU_ITEM_LIST_TEXT}</arg>
<doc>Waits until the element ``locator`` contains ``text``.</doc>
<status status="PASS" starttime="20240619 16:44:23.802" endtime="20240619 16:44:24.054"/>
</kw>
<kw name="Get Text" library="SeleniumLibrary">
<var>${GUEST_ORDER_NUMBER}</var>
<arg>${THANKYOU_GET_REGISTER_ORDER_NUMBER}</arg>
<doc>Returns the text value of the element identified by ``locator``.</doc>
<msg timestamp="20240619 16:44:24.074" level="INFO">${GUEST_ORDER_NUMBER} = MIMEN240000003345</msg>
<status status="PASS" starttime="20240619 16:44:24.055" endtime="20240619 16:44:24.074"/>
</kw>
<kw name="Log To Console" library="BuiltIn">
<arg>Order Number is ${GUEST_ORDER_NUMBER}</arg>
<doc>Logs the given message to the console.</doc>
<status status="PASS" starttime="20240619 16:44:24.075" endtime="20240619 16:44:24.076"/>
</kw>
<kw name="Get Text" library="SeleniumLibrary">
<var>${THANKYOU_SUB_TOTAL}</var>
<arg>${THANKYOU_SUB_TOTAL_TEXT}</arg>
<doc>Returns the text value of the element identified by ``locator``.</doc>
<msg timestamp="20240619 16:44:24.157" level="INFO">${THANKYOU_SUB_TOTAL} = ฿795.00</msg>
<status status="PASS" starttime="20240619 16:44:24.077" endtime="20240619 16:44:24.158"/>
</kw>
<kw name="Log To Console" library="BuiltIn">
<arg>Sub total is ${THANKYOU_SUB_TOTAL}</arg>
<doc>Logs the given message to the console.</doc>
<status status="PASS" starttime="20240619 16:44:24.161" endtime="20240619 16:44:24.163"/>
</kw>
<kw name="Get Text" library="SeleniumLibrary">
<var>${THANKYOU_SHIPPING_FEE}</var>
<arg>${THANKYOU_SHIPPING_FEE_TEXT}</arg>
<doc>Returns the text value of the element identified by ``locator``.</doc>
<msg timestamp="20240619 16:44:24.187" level="INFO">${THANKYOU_SHIPPING_FEE} = ฿80.00</msg>
<status status="PASS" starttime="20240619 16:44:24.164" endtime="20240619 16:44:24.187"/>
</kw>
<kw name="Log To Console" library="BuiltIn">
<arg>Shipping Fee is ${THANKYOU_SHIPPING_FEE}</arg>
<doc>Logs the given message to the console.</doc>
<status status="PASS" starttime="20240619 16:44:24.188" endtime="20240619 16:44:24.189"/>
</kw>
<kw name="Get Text" library="SeleniumLibrary">
<var>${THANKYOU_COD_CHARGES}</var>
<arg>${THANKYOU_COD_CHARGES_TEXT}</arg>
<doc>Returns the text value of the element identified by ``locator``.</doc>
<msg timestamp="20240619 16:44:24.216" level="INFO">${THANKYOU_COD_CHARGES} = ฿40.00</msg>
<status status="PASS" starttime="20240619 16:44:24.189" endtime="20240619 16:44:24.217"/>
</kw>
<kw name="Log To Console" library="BuiltIn">
<arg>COD Charges is ${THANKYOU_COD_CHARGES}</arg>
<doc>Logs the given message to the console.</doc>
<status status="PASS" starttime="20240619 16:44:24.218" endtime="20240619 16:44:24.221"/>
</kw>
<kw name="Get Text" library="SeleniumLibrary">
<var>${THANKYOU_TOTAL}</var>
<arg>${THANKYOU_TOTAL_TEXT}</arg>
<doc>Returns the text value of the element identified by ``locator``.</doc>
<msg timestamp="20240619 16:44:24.281" level="INFO">${THANKYOU_TOTAL} = Total ฿915.00</msg>
<status status="PASS" starttime="20240619 16:44:24.222" endtime="20240619 16:44:24.282"/>
</kw>
<kw name="Log To Console" library="BuiltIn">
<arg>Total is ${THANKYOU_COD_CHARGES}</arg>
<doc>Logs the given message to the console.</doc>
<status status="PASS" starttime="20240619 16:44:24.283" endtime="20240619 16:44:24.285"/>
</kw>
<kw name="Sleep" library="BuiltIn">
<arg>3s</arg>
<doc>Pauses the test executed for the given time.</doc>
<msg timestamp="20240619 16:44:27.286" level="INFO">Slept 3 seconds</msg>
<status status="PASS" starttime="20240619 16:44:24.285" endtime="20240619 16:44:27.286"/>
</kw>
<status status="PASS" starttime="20240619 16:43:26.792" endtime="20240619 16:44:27.288"/>
</test>
<status status="PASS" starttime="20240619 16:43:26.414" endtime="20240619 16:44:27.292"/>
</suite>
<statistics>
<total>
<stat pass="1" fail="0" skip="0">All Tests</stat>
</total>
<tag>
</tag>
<suite>
<stat pass="1" fail="0" skip="0" id="s1" name="Payment and Order CF">Payment and Order CF</stat>
</suite>
</statistics>
<errors>
</errors>
</robot>
